[21:37:00][info   ]<>: Creating VoxelDatabase from 'C:/Users/gabe2_000/Dropbox/unity/exploratorum/Assets/StreamingAssets\26A58A8A.vdb'
[21:37:00][info   ]<>: Successfully opened'C:/Users/gabe2_000/Dropbox/unity/exploratorum/Assets/StreamingAssets\26A58A8A.vdb'
[21:37:00][debug  ]<>: The maximum number of uncompresed blocks has been set to 64, which is 16777216 bytes
[21:37:00][trace  ]<>: Creatd new smooth volume in slot 0
[21:37:03][error  ]<>: Volume handle'0' is outside volume array bounds
[21:37:03][trace  ]<>: Paged block in in 8ms
[21:37:03][trace  ]<>: Marching cubes surface extraction took 12ms (Region size = 33x33x33)
[21:37:03][trace  ]<>: Paged block in in 3ms
[21:37:03][trace  ]<>: Marching cubes surface extraction took 7ms (Region size = 33x33x33)
[21:37:03][trace  ]<>: Paged block in in 1ms
[21:37:03][trace  ]<>: Marching cubes surface extraction took 5ms (Region size = 33x33x33)
[21:37:03][trace  ]<>: Paged block in in 0ms
[21:37:03][trace  ]<>: Marching cubes surface extraction took 5ms (Region size = 33x33x33)
[21:37:03][trace  ]<>: Paged block in in 1ms
[21:37:03][trace  ]<>: Marching cubes surface extraction took 6ms (Region size = 33x33x33)
[21:37:03][trace  ]<>: Paged block in in 0ms
[21:37:03][trace  ]<>: Marching cubes surface extraction took 6ms (Region size = 33x33x33)
[21:37:03][trace  ]<>: Paged block in in 1ms
[21:37:03][trace  ]<>: Marching cubes surface extraction took 7ms (Region size = 33x33x33)
[21:37:03][trace  ]<>: Paged block in in 5ms
[21:37:03][trace  ]<>: Marching cubes surface extraction took 11ms (Region size = 33x33x33)
[21:37:03][trace  ]<>: Paged block in in 1ms
[21:37:03][trace  ]<>: Marching cubes surface extraction took 8ms (Region size = 33x33x33)
[21:37:03][trace  ]<>: Paged block in in 1ms
[21:37:03][trace  ]<>: Marching cubes surface extraction took 4ms (Region size = 33x33x33)
[21:37:03][trace  ]<>: Marching cubes surface extraction took 2ms (Region size = 33x33x33)
[21:37:03][trace  ]<>: Marching cubes surface extraction took 2ms (Region size = 33x33x33)
[21:37:03][trace  ]<>: Paged block in in 0ms
[21:37:03][trace  ]<>: Marching cubes surface extraction took 6ms (Region size = 33x33x33)
[21:37:03][trace  ]<>: Marching cubes surface extraction took 7ms (Region size = 33x33x33)
[21:37:03][trace  ]<>: Paged block in in 0ms
[21:37:03][trace  ]<>: Marching cubes surface extraction took 6ms (Region size = 33x33x33)
[21:37:03][trace  ]<>: Marching cubes surface extraction took 5ms (Region size = 33x33x33)
[21:37:03][trace  ]<>: Marching cubes surface extraction took 3ms (Region size = 33x33x33)
[21:37:03][trace  ]<>: Marching cubes surface extraction took 2ms (Region size = 33x33x33)
[21:37:03][trace  ]<>: Marching cubes surface extraction took 4ms (Region size = 33x33x33)
[21:37:03][trace  ]<>: Marching cubes surface extraction took 5ms (Region size = 33x33x33)
[21:37:03][trace  ]<>: Marching cubes surface extraction took 4ms (Region size = 33x33x33)
[21:37:03][trace  ]<>: Marching cubes surface extraction took 3ms (Region size = 33x33x33)
[21:37:03][trace  ]<>: Marching cubes surface extraction took 2ms (Region size = 33x33x33)
[21:37:03][trace  ]<>: Marching cubes surface extraction took 3ms (Region size = 33x33x33)
[21:37:03][trace  ]<>: Marching cubes surface extraction took 2ms (Region size = 33x33x33)
[21:37:03][trace  ]<>: Marching cubes surface extraction took 3ms (Region size = 33x33x33)
[21:37:03][trace  ]<>: Marching cubes surface extraction took 2ms (Region size = 33x33x33)
[21:37:03][trace  ]<>: Marching cubes surface extraction took 3ms (Region size = 33x33x33)
[21:37:03][trace  ]<>: Marching cubes surface extraction took 2ms (Region size = 33x33x33)
[21:37:03][trace  ]<>: Marching cubes surface extraction took 2ms (Region size = 33x33x33)
[21:37:03][trace  ]<>: Marching cubes surface extraction took 2ms (Region size = 33x33x33)
[21:37:03][trace  ]<>: Marching cubes surface extraction took 2ms (Region size = 33x33x33)
[21:37:03][trace  ]<>: Marching cubes surface extraction took 2ms (Region size = 33x33x33)
[21:37:03][trace  ]<>: Marching cubes surface extraction took 2ms (Region size = 33x33x33)
[21:37:03][trace  ]<>: Marching cubes surface extraction took 2ms (Region size = 33x33x33)
[21:37:03][trace  ]<>: Marching cubes surface extraction took 2ms (Region size = 33x33x33)
[21:37:03][trace  ]<>: Paged block in in 0ms
[21:37:03][trace  ]<>: Marching cubes surface extraction took 4ms (Region size = 33x33x33)
[21:37:03][trace  ]<>: Marching cubes surface extraction took 4ms (Region size = 33x33x33)
[21:37:03][trace  ]<>: Paged block in in 0ms
[21:37:03][trace  ]<>: Marching cubes surface extraction took 7ms (Region size = 33x33x33)
[21:37:03][trace  ]<>: Paged block in in 0ms
[21:37:03][trace  ]<>: Marching cubes surface extraction took 6ms (Region size = 33x33x33)
[21:37:03][trace  ]<>: Marching cubes surface extraction took 6ms (Region size = 33x33x33)
[21:37:03][trace  ]<>: Marching cubes surface extraction took 8ms (Region size = 33x33x33)
[21:37:03][trace  ]<>: Marching cubes surface extraction took 2ms (Region size = 33x33x33)
[21:37:03][trace  ]<>: Marching cubes surface extraction took 2ms (Region size = 33x33x33)
[21:37:03][trace  ]<>: Marching cubes surface extraction took 2ms (Region size = 33x33x33)
[21:37:03][trace  ]<>: Paged block in in 0ms
[21:37:03][trace  ]<>: Marching cubes surface extraction took 6ms (Region size = 33x33x33)
[21:37:03][trace  ]<>: Marching cubes surface extraction took 5ms (Region size = 33x33x33)
[21:37:03][trace  ]<>: Marching cubes surface extraction took 5ms (Region size = 33x33x33)
[21:37:03][trace  ]<>: Marching cubes surface extraction took 5ms (Region size = 33x33x33)
[21:37:03][trace  ]<>: Marching cubes surface extraction took 2ms (Region size = 33x33x33)
[21:37:03][trace  ]<>: Marching cubes surface extraction took 2ms (Region size = 33x33x33)
[21:37:03][trace  ]<>: Marching cubes surface extraction took 2ms (Region size = 33x33x33)
[21:37:03][trace  ]<>: Marching cubes surface extraction took 2ms (Region size = 33x33x33)
[21:37:03][trace  ]<>: Marching cubes surface extraction took 2ms (Region size = 33x33x33)
[21:37:03][trace  ]<>: Marching cubes surface extraction took 2ms (Region size = 33x33x33)
[21:37:03][trace  ]<>: Marching cubes surface extraction took 3ms (Region size = 33x33x33)
[21:37:03][trace  ]<>: Marching cubes surface extraction took 2ms (Region size = 33x33x33)
[21:37:03][trace  ]<>: Marching cubes surface extraction took 3ms (Region size = 33x33x33)
[21:37:03][trace  ]<>: Marching cubes surface extraction took 2ms (Region size = 33x33x33)
[21:37:03][trace  ]<>: Marching cubes surface extraction took 2ms (Region size = 33x33x33)
[21:37:03][trace  ]<>: Marching cubes surface extraction took 2ms (Region size = 33x33x33)
[21:37:03][trace  ]<>: Marching cubes surface extraction took 2ms (Region size = 33x33x33)
[21:37:03][trace  ]<>: Marching cubes surface extraction took 2ms (Region size = 33x33x33)
[21:37:03][trace  ]<>: Marching cubes surface extraction took 3ms (Region size = 33x33x33)
[21:37:03][trace  ]<>: Marching cubes surface extraction took 2ms (Region size = 33x33x33)
[21:37:03][trace  ]<>: Marching cubes surface extraction took 2ms (Region size = 33x33x33)
[21:37:03][trace  ]<>: Marching cubes surface extraction took 2ms (Region size = 33x33x33)
[21:37:03][trace  ]<>: Marching cubes surface extraction took 2ms (Region size = 33x33x33)
[21:37:03][trace  ]<>: Marching cubes surface extraction took 2ms (Region size = 33x33x33)
[21:37:03][trace  ]<>: Marching cubes surface extraction took 2ms (Region size = 33x33x33)
[21:37:03][trace  ]<>: Marching cubes surface extraction took 2ms (Region size = 33x33x33)
[21:37:03][trace  ]<>: Marching cubes surface extraction took 2ms (Region size = 33x33x33)
[21:37:05][info   ]<>: Resizing temp buffer to 65536bytes. This should only happen the first time the MinizBlockCompressor is used
[21:37:05][trace  ]<>: Paging out data for (0,0,0) to (31,31,31)
[21:37:05][trace  ]<>: Paged block out in 0ms (15559bytes of data)
[21:37:05][trace  ]<>: Paging out data for (0,0,32) to (31,31,63)
[21:37:05][trace  ]<>: Paged block out in 0ms (15826bytes of data)
[21:37:05][trace  ]<>: Paging out data for (0,0,64) to (31,31,95)
[21:37:05][trace  ]<>: Paged block out in 0ms (18249bytes of data)
[21:37:05][trace  ]<>: Paging out data for (0,0,96) to (31,31,127)
[21:37:05][trace  ]<>: Paged block out in 0ms (19191bytes of data)
[21:37:05][trace  ]<>: Paging out data for (32,0,0) to (63,31,31)
[21:37:05][trace  ]<>: Paged block out in 0ms (19076bytes of data)
[21:37:05][trace  ]<>: Paging out data for (32,0,32) to (63,31,63)
[21:37:05][trace  ]<>: Paged block out in 0ms (16574bytes of data)
[21:37:05][trace  ]<>: Paging out data for (32,0,64) to (63,31,95)
[21:37:05][trace  ]<>: Paged block out in 0ms (24780bytes of data)
[21:37:05][trace  ]<>: Paging out data for (32,0,96) to (63,31,127)
[21:37:05][trace  ]<>: Paged block out in 0ms (25675bytes of data)
[21:37:05][trace  ]<>: Paging out data for (64,0,0) to (95,31,31)
[21:37:05][trace  ]<>: Paged block out in 0ms (20376bytes of data)
[21:37:05][trace  ]<>: Paging out data for (64,0,32) to (95,31,63)
[21:37:05][trace  ]<>: Paged block out in 0ms (18931bytes of data)
[21:37:05][trace  ]<>: Paging out data for (64,0,64) to (95,31,95)
[21:37:05][trace  ]<>: Paged block out in 0ms (32934bytes of data)
[21:37:05][trace  ]<>: Paging out data for (64,0,96) to (95,31,127)
[21:37:05][trace  ]<>: Paged block out in 0ms (25892bytes of data)
[21:37:05][trace  ]<>: Paging out data for (96,0,0) to (127,31,31)
[21:37:05][trace  ]<>: Paged block out in 0ms (12646bytes of data)
[21:37:05][trace  ]<>: Paging out data for (96,0,32) to (127,31,63)
[21:37:05][trace  ]<>: Paged block out in 0ms (22590bytes of data)
[21:37:05][trace  ]<>: Paging out data for (96,0,64) to (127,31,95)
[21:37:05][trace  ]<>: Paged block out in 0ms (21412bytes of data)
[21:37:05][trace  ]<>: Paging out data for (96,0,96) to (127,31,127)
[21:37:05][trace  ]<>: Paged block out in 0ms (13943bytes of data)
[21:37:05][trace  ]<>: In cuDeleteTerrainVolume() - deleting volume handle '0'
[21:37:05][trace  ]<>: Entering ~Volume()
[21:37:05][trace  ]<>: Exiting ~Volume()
[21:37:06][info   ]<>: Creating VoxelDatabase from 'C:/Users/gabe2_000/Dropbox/unity/exploratorum/Assets/StreamingAssets\26A58A8A.vdb'
[21:37:06][info   ]<>: Successfully opened'C:/Users/gabe2_000/Dropbox/unity/exploratorum/Assets/StreamingAssets\26A58A8A.vdb'
[21:37:06][debug  ]<>: The maximum number of uncompresed blocks has been set to 64, which is 16777216 bytes
[21:37:06][trace  ]<>: Creatd new smooth volume in slot 0
[21:37:13][trace  ]<>: Paged block in in 0ms
[21:37:13][trace  ]<>: Marching cubes surface extraction took 5ms (Region size = 33x33x33)
[21:37:13][trace  ]<>: Paged block in in 0ms
[21:37:13][trace  ]<>: Marching cubes surface extraction took 5ms (Region size = 33x33x33)
[21:37:13][trace  ]<>: Paged block in in 0ms
[21:37:13][trace  ]<>: Marching cubes surface extraction took 3ms (Region size = 33x33x33)
[21:37:13][trace  ]<>: Paged block in in 0ms
[21:37:13][trace  ]<>: Marching cubes surface extraction took 4ms (Region size = 33x33x33)
[21:37:13][trace  ]<>: Paged block in in 0ms
[21:37:13][trace  ]<>: Marching cubes surface extraction took 6ms (Region size = 33x33x33)
[21:37:13][trace  ]<>: Paged block in in 0ms
[21:37:13][trace  ]<>: Marching cubes surface extraction took 7ms (Region size = 33x33x33)
[21:37:13][trace  ]<>: Paged block in in 0ms
[21:37:13][trace  ]<>: Marching cubes surface extraction took 11ms (Region size = 33x33x33)
[21:37:13][trace  ]<>: Paged block in in 0ms
[21:37:13][trace  ]<>: Marching cubes surface extraction took 6ms (Region size = 33x33x33)
[21:37:13][trace  ]<>: Paged block in in 0ms
[21:37:13][trace  ]<>: Marching cubes surface extraction took 7ms (Region size = 33x33x33)
[21:37:13][trace  ]<>: Paged block in in 0ms
[21:37:13][trace  ]<>: Marching cubes surface extraction took 3ms (Region size = 33x33x33)
[21:37:13][trace  ]<>: Marching cubes surface extraction took 2ms (Region size = 33x33x33)
[21:37:13][trace  ]<>: Marching cubes surface extraction took 2ms (Region size = 33x33x33)
[21:37:13][trace  ]<>: Paged block in in 0ms
[21:37:13][trace  ]<>: Marching cubes surface extraction took 7ms (Region size = 33x33x33)
[21:37:13][trace  ]<>: Marching cubes surface extraction took 6ms (Region size = 33x33x33)
[21:37:13][trace  ]<>: Paged block in in 0ms
[21:37:13][trace  ]<>: Marching cubes surface extraction took 6ms (Region size = 33x33x33)
[21:37:13][trace  ]<>: Marching cubes surface extraction took 6ms (Region size = 33x33x33)
[21:37:13][trace  ]<>: Marching cubes surface extraction took 2ms (Region size = 33x33x33)
[21:37:13][trace  ]<>: Marching cubes surface extraction took 2ms (Region size = 33x33x33)
[21:37:13][trace  ]<>: Marching cubes surface extraction took 2ms (Region size = 33x33x33)
[21:37:13][trace  ]<>: Marching cubes surface extraction took 2ms (Region size = 33x33x33)
[21:37:13][trace  ]<>: Marching cubes surface extraction took 3ms (Region size = 33x33x33)
[21:37:13][trace  ]<>: Marching cubes surface extraction took 2ms (Region size = 33x33x33)
[21:37:13][trace  ]<>: Marching cubes surface extraction took 2ms (Region size = 33x33x33)
[21:37:13][trace  ]<>: Marching cubes surface extraction took 2ms (Region size = 33x33x33)
[21:37:13][trace  ]<>: Marching cubes surface extraction took 2ms (Region size = 33x33x33)
[21:37:13][trace  ]<>: Marching cubes surface extraction took 2ms (Region size = 33x33x33)
[21:37:13][trace  ]<>: Marching cubes surface extraction took 2ms (Region size = 33x33x33)
[21:37:13][trace  ]<>: Marching cubes surface extraction took 2ms (Region size = 33x33x33)
[21:37:13][trace  ]<>: Marching cubes surface extraction took 2ms (Region size = 33x33x33)
[21:37:13][trace  ]<>: Marching cubes surface extraction took 3ms (Region size = 33x33x33)
[21:37:13][trace  ]<>: Marching cubes surface extraction took 2ms (Region size = 33x33x33)
[21:37:13][trace  ]<>: Marching cubes surface extraction took 2ms (Region size = 33x33x33)
[21:37:13][trace  ]<>: Marching cubes surface extraction took 3ms (Region size = 33x33x33)
[21:37:13][trace  ]<>: Marching cubes surface extraction took 2ms (Region size = 33x33x33)
[21:37:13][trace  ]<>: Marching cubes surface extraction took 2ms (Region size = 33x33x33)
[21:37:13][trace  ]<>: Marching cubes surface extraction took 2ms (Region size = 33x33x33)
[21:37:13][trace  ]<>: Paged block in in 0ms
[21:37:13][trace  ]<>: Marching cubes surface extraction took 4ms (Region size = 33x33x33)
[21:37:13][trace  ]<>: Marching cubes surface extraction took 4ms (Region size = 33x33x33)
[21:37:13][trace  ]<>: Paged block in in 0ms
[21:37:13][trace  ]<>: Marching cubes surface extraction took 6ms (Region size = 33x33x33)
[21:37:13][trace  ]<>: Paged block in in 0ms
[21:37:13][trace  ]<>: Marching cubes surface extraction took 9ms (Region size = 33x33x33)
[21:37:13][trace  ]<>: Marching cubes surface extraction took 5ms (Region size = 33x33x33)
[21:37:13][trace  ]<>: Marching cubes surface extraction took 5ms (Region size = 33x33x33)
[21:37:13][trace  ]<>: Marching cubes surface extraction took 2ms (Region size = 33x33x33)
[21:37:13][trace  ]<>: Marching cubes surface extraction took 3ms (Region size = 33x33x33)
[21:37:13][trace  ]<>: Marching cubes surface extraction took 2ms (Region size = 33x33x33)
[21:37:13][trace  ]<>: Paged block in in 0ms
[21:37:13][trace  ]<>: Marching cubes surface extraction took 6ms (Region size = 33x33x33)
[21:37:13][trace  ]<>: Marching cubes surface extraction took 5ms (Region size = 33x33x33)
[21:37:13][trace  ]<>: Marching cubes surface extraction took 6ms (Region size = 33x33x33)
[21:37:13][trace  ]<>: Marching cubes surface extraction took 5ms (Region size = 33x33x33)
[21:37:13][trace  ]<>: Marching cubes surface extraction took 2ms (Region size = 33x33x33)
[21:37:13][trace  ]<>: Marching cubes surface extraction took 2ms (Region size = 33x33x33)
[21:37:13][trace  ]<>: Marching cubes surface extraction took 2ms (Region size = 33x33x33)
[21:37:13][trace  ]<>: Marching cubes surface extraction took 2ms (Region size = 33x33x33)
[21:37:13][trace  ]<>: Marching cubes surface extraction took 2ms (Region size = 33x33x33)
[21:37:13][trace  ]<>: Marching cubes surface extraction took 2ms (Region size = 33x33x33)
[21:37:13][trace  ]<>: Marching cubes surface extraction took 2ms (Region size = 33x33x33)
[21:37:13][trace  ]<>: Marching cubes surface extraction took 3ms (Region size = 33x33x33)
[21:37:13][trace  ]<>: Marching cubes surface extraction took 2ms (Region size = 33x33x33)
[21:37:13][trace  ]<>: Marching cubes surface extraction took 2ms (Region size = 33x33x33)
[21:37:13][trace  ]<>: Marching cubes surface extraction took 3ms (Region size = 33x33x33)
[21:37:13][trace  ]<>: Marching cubes surface extraction took 3ms (Region size = 33x33x33)
[21:37:13][trace  ]<>: Marching cubes surface extraction took 2ms (Region size = 33x33x33)
[21:37:13][trace  ]<>: Marching cubes surface extraction took 2ms (Region size = 33x33x33)
[21:37:13][trace  ]<>: Marching cubes surface extraction took 3ms (Region size = 33x33x33)
[21:37:13][trace  ]<>: Marching cubes surface extraction took 2ms (Region size = 33x33x33)
[21:37:13][trace  ]<>: Marching cubes surface extraction took 2ms (Region size = 33x33x33)
[21:37:13][trace  ]<>: Marching cubes surface extraction took 2ms (Region size = 33x33x33)
[21:37:13][trace  ]<>: Marching cubes surface extraction took 3ms (Region size = 33x33x33)
[21:37:13][trace  ]<>: Marching cubes surface extraction took 2ms (Region size = 33x33x33)
[21:37:13][trace  ]<>: Marching cubes surface extraction took 2ms (Region size = 33x33x33)
[21:37:13][trace  ]<>: Marching cubes surface extraction took 2ms (Region size = 33x33x33)
[21:37:13][trace  ]<>: Marching cubes surface extraction took 2ms (Region size = 33x33x33)
[21:40:59][info   ]<>: Resizing temp buffer to 65536bytes. This should only happen the first time the MinizBlockCompressor is used
[21:40:59][trace  ]<>: Paging out data for (0,0,0) to (31,31,31)
[21:40:59][trace  ]<>: Paged block out in 2ms (15559bytes of data)
[21:40:59][trace  ]<>: Paging out data for (0,0,32) to (31,31,63)
[21:40:59][trace  ]<>: Paged block out in 1ms (15826bytes of data)
[21:40:59][trace  ]<>: Paging out data for (0,0,64) to (31,31,95)
[21:40:59][trace  ]<>: Paged block out in 1ms (18249bytes of data)
[21:40:59][trace  ]<>: Paging out data for (0,0,96) to (31,31,127)
[21:40:59][trace  ]<>: Paged block out in 1ms (19191bytes of data)
[21:40:59][trace  ]<>: Paging out data for (32,0,0) to (63,31,31)
[21:40:59][trace  ]<>: Paged block out in 1ms (19076bytes of data)
[21:40:59][trace  ]<>: Paging out data for (32,0,32) to (63,31,63)
[21:40:59][trace  ]<>: Paged block out in 0ms (16574bytes of data)
[21:40:59][trace  ]<>: Paging out data for (32,0,64) to (63,31,95)
[21:40:59][trace  ]<>: Paged block out in 0ms (24780bytes of data)
[21:40:59][trace  ]<>: Paging out data for (32,0,96) to (63,31,127)
[21:40:59][trace  ]<>: Paged block out in 0ms (25675bytes of data)
[21:40:59][trace  ]<>: Paging out data for (64,0,0) to (95,31,31)
[21:40:59][trace  ]<>: Paged block out in 1ms (20376bytes of data)
[21:40:59][trace  ]<>: Paging out data for (64,0,32) to (95,31,63)
[21:40:59][trace  ]<>: Paged block out in 1ms (18931bytes of data)
[21:40:59][trace  ]<>: Paging out data for (64,0,64) to (95,31,95)
[21:40:59][trace  ]<>: Paged block out in 1ms (32934bytes of data)
[21:40:59][trace  ]<>: Paging out data for (64,0,96) to (95,31,127)
[21:40:59][trace  ]<>: Paged block out in 1ms (25892bytes of data)
[21:40:59][trace  ]<>: Paging out data for (96,0,0) to (127,31,31)
[21:40:59][trace  ]<>: Paged block out in 1ms (12646bytes of data)
[21:40:59][trace  ]<>: Paging out data for (96,0,32) to (127,31,63)
[21:40:59][trace  ]<>: Paged block out in 1ms (22590bytes of data)
[21:40:59][trace  ]<>: Paging out data for (96,0,64) to (127,31,95)
[21:40:59][trace  ]<>: Paged block out in 2ms (21412bytes of data)
[21:40:59][trace  ]<>: Paging out data for (96,0,96) to (127,31,127)
[21:40:59][trace  ]<>: Paged block out in 1ms (13943bytes of data)
[21:40:59][trace  ]<>: In cuDeleteTerrainVolume() - deleting volume handle '0'
[21:40:59][trace  ]<>: Entering ~Volume()
[21:40:59][trace  ]<>: Exiting ~Volume()
[21:41:10][info   ]<>: Creating VoxelDatabase from 'C:/Users/gabe2_000/Dropbox/unity/exploratorum/Assets/StreamingAssets\26A58A8A.vdb'
[21:41:10][info   ]<>: Successfully opened'C:/Users/gabe2_000/Dropbox/unity/exploratorum/Assets/StreamingAssets\26A58A8A.vdb'
[21:41:10][debug  ]<>: The maximum number of uncompresed blocks has been set to 64, which is 16777216 bytes
[21:41:10][trace  ]<>: Creatd new smooth volume in slot 0
[21:41:11][error  ]<>: Volume handle'0' is outside volume array bounds
[21:41:11][trace  ]<>: Paged block in in 0ms
[21:41:11][trace  ]<>: Marching cubes surface extraction took 3ms (Region size = 33x33x33)
[21:41:11][trace  ]<>: Paged block in in 0ms
[21:41:11][trace  ]<>: Marching cubes surface extraction took 4ms (Region size = 33x33x33)
[21:41:11][trace  ]<>: Paged block in in 0ms
[21:41:11][trace  ]<>: Marching cubes surface extraction took 3ms (Region size = 33x33x33)
[21:41:11][trace  ]<>: Paged block in in 0ms
[21:41:11][trace  ]<>: Marching cubes surface extraction took 4ms (Region size = 33x33x33)
[21:41:11][trace  ]<>: Paged block in in 0ms
[21:41:11][trace  ]<>: Marching cubes surface extraction took 4ms (Region size = 33x33x33)
[21:41:11][trace  ]<>: Paged block in in 0ms
[21:41:11][trace  ]<>: Marching cubes surface extraction took 6ms (Region size = 33x33x33)
[21:41:11][trace  ]<>: Paged block in in 0ms
[21:41:11][trace  ]<>: Marching cubes surface extraction took 6ms (Region size = 33x33x33)
[21:41:11][trace  ]<>: Paged block in in 0ms
[21:41:11][trace  ]<>: Marching cubes surface extraction took 8ms (Region size = 33x33x33)
[21:41:11][trace  ]<>: Paged block in in 0ms
[21:41:11][trace  ]<>: Marching cubes surface extraction took 10ms (Region size = 33x33x33)
[21:41:11][trace  ]<>: Paged block in in 0ms
[21:41:11][trace  ]<>: Marching cubes surface extraction took 4ms (Region size = 33x33x33)
[21:41:11][trace  ]<>: Marching cubes surface extraction took 2ms (Region size = 33x33x33)
[21:41:11][trace  ]<>: Marching cubes surface extraction took 2ms (Region size = 33x33x33)
[21:41:11][trace  ]<>: Paged block in in 0ms
[21:41:11][trace  ]<>: Marching cubes surface extraction took 6ms (Region size = 33x33x33)
[21:41:11][trace  ]<>: Marching cubes surface extraction took 6ms (Region size = 33x33x33)
[21:41:11][trace  ]<>: Paged block in in 0ms
[21:41:11][trace  ]<>: Marching cubes surface extraction took 6ms (Region size = 33x33x33)
[21:41:11][trace  ]<>: Marching cubes surface extraction took 5ms (Region size = 33x33x33)
[21:41:11][trace  ]<>: Marching cubes surface extraction took 2ms (Region size = 33x33x33)
[21:41:11][trace  ]<>: Marching cubes surface extraction took 2ms (Region size = 33x33x33)
[21:41:11][trace  ]<>: Marching cubes surface extraction took 2ms (Region size = 33x33x33)
[21:41:11][trace  ]<>: Marching cubes surface extraction took 3ms (Region size = 33x33x33)
[21:41:11][trace  ]<>: Marching cubes surface extraction took 2ms (Region size = 33x33x33)
[21:41:11][trace  ]<>: Marching cubes surface extraction took 2ms (Region size = 33x33x33)
[21:41:11][trace  ]<>: Marching cubes surface extraction took 2ms (Region size = 33x33x33)
[21:41:11][trace  ]<>: Marching cubes surface extraction took 2ms (Region size = 33x33x33)
[21:41:11][trace  ]<>: Marching cubes surface extraction took 2ms (Region size = 33x33x33)
[21:41:11][trace  ]<>: Marching cubes surface extraction took 3ms (Region size = 33x33x33)
[21:41:11][trace  ]<>: Marching cubes surface extraction took 3ms (Region size = 33x33x33)
[21:41:11][trace  ]<>: Marching cubes surface extraction took 2ms (Region size = 33x33x33)
[21:41:11][trace  ]<>: Marching cubes surface extraction took 2ms (Region size = 33x33x33)
[21:41:11][trace  ]<>: Marching cubes surface extraction took 2ms (Region size = 33x33x33)
[21:41:11][trace  ]<>: Marching cubes surface extraction took 2ms (Region size = 33x33x33)
[21:41:11][trace  ]<>: Marching cubes surface extraction took 2ms (Region size = 33x33x33)
[21:41:11][trace  ]<>: Marching cubes surface extraction took 2ms (Region size = 33x33x33)
[21:41:12][trace  ]<>: Marching cubes surface extraction took 2ms (Region size = 33x33x33)
[21:41:12][trace  ]<>: Marching cubes surface extraction took 2ms (Region size = 33x33x33)
[21:41:12][trace  ]<>: Marching cubes surface extraction took 2ms (Region size = 33x33x33)
[21:41:12][trace  ]<>: Paged block in in 0ms
[21:41:12][trace  ]<>: Marching cubes surface extraction took 4ms (Region size = 33x33x33)
[21:41:12][trace  ]<>: Marching cubes surface extraction took 3ms (Region size = 33x33x33)
[21:41:12][trace  ]<>: Paged block in in 0ms
[21:41:12][trace  ]<>: Marching cubes surface extraction took 6ms (Region size = 33x33x33)
[21:41:12][trace  ]<>: Paged block in in 0ms
[21:41:12][trace  ]<>: Marching cubes surface extraction took 6ms (Region size = 33x33x33)
[21:41:12][trace  ]<>: Marching cubes surface extraction took 5ms (Region size = 33x33x33)
[21:41:12][trace  ]<>: Marching cubes surface extraction took 6ms (Region size = 33x33x33)
[21:41:12][trace  ]<>: Marching cubes surface extraction took 2ms (Region size = 33x33x33)
[21:41:12][trace  ]<>: Marching cubes surface extraction took 2ms (Region size = 33x33x33)
[21:41:12][trace  ]<>: Marching cubes surface extraction took 2ms (Region size = 33x33x33)
[21:41:12][trace  ]<>: Paged block in in 0ms
[21:41:12][trace  ]<>: Marching cubes surface extraction took 6ms (Region size = 33x33x33)
[21:41:12][trace  ]<>: Marching cubes surface extraction took 6ms (Region size = 33x33x33)
[21:41:12][trace  ]<>: Marching cubes surface extraction took 5ms (Region size = 33x33x33)
[21:41:12][trace  ]<>: Marching cubes surface extraction took 5ms (Region size = 33x33x33)
[21:41:12][trace  ]<>: Marching cubes surface extraction took 2ms (Region size = 33x33x33)
[21:41:12][trace  ]<>: Marching cubes surface extraction took 2ms (Region size = 33x33x33)
[21:41:12][trace  ]<>: Marching cubes surface extraction took 3ms (Region size = 33x33x33)
[21:41:12][trace  ]<>: Marching cubes surface extraction took 2ms (Region size = 33x33x33)
[21:41:12][trace  ]<>: Marching cubes surface extraction took 2ms (Region size = 33x33x33)
[21:41:12][trace  ]<>: Marching cubes surface extraction took 2ms (Region size = 33x33x33)
[21:41:12][trace  ]<>: Marching cubes surface extraction took 3ms (Region size = 33x33x33)
[21:41:12][trace  ]<>: Marching cubes surface extraction took 2ms (Region size = 33x33x33)
[21:41:12][trace  ]<>: Marching cubes surface extraction took 2ms (Region size = 33x33x33)
[21:41:12][trace  ]<>: Marching cubes surface extraction took 3ms (Region size = 33x33x33)
[21:41:12][trace  ]<>: Marching cubes surface extraction took 2ms (Region size = 33x33x33)
[21:41:12][trace  ]<>: Marching cubes surface extraction took 2ms (Region size = 33x33x33)
[21:41:12][trace  ]<>: Marching cubes surface extraction took 2ms (Region size = 33x33x33)
[21:41:12][trace  ]<>: Marching cubes surface extraction took 3ms (Region size = 33x33x33)
[21:41:12][trace  ]<>: Marching cubes surface extraction took 3ms (Region size = 33x33x33)
[21:41:12][trace  ]<>: Marching cubes surface extraction took 2ms (Region size = 33x33x33)
[21:41:12][trace  ]<>: Marching cubes surface extraction took 3ms (Region size = 33x33x33)
[21:41:12][trace  ]<>: Marching cubes surface extraction took 2ms (Region size = 33x33x33)
[21:41:12][trace  ]<>: Marching cubes surface extraction took 2ms (Region size = 33x33x33)
[21:41:12][trace  ]<>: Marching cubes surface extraction took 2ms (Region size = 33x33x33)
[21:41:12][trace  ]<>: Marching cubes surface extraction took 2ms (Region size = 33x33x33)
[21:41:12][trace  ]<>: Marching cubes surface extraction took 2ms (Region size = 33x33x33)
[21:41:12][trace  ]<>: Marching cubes surface extraction took 2ms (Region size = 33x33x33)
[21:52:43][info   ]<>: Resizing temp buffer to 65536bytes. This should only happen the first time the MinizBlockCompressor is used
[21:52:43][trace  ]<>: Paging out data for (0,0,0) to (31,31,31)
[21:52:43][trace  ]<>: Paged block out in 0ms (15559bytes of data)
[21:52:43][trace  ]<>: Paging out data for (0,0,32) to (31,31,63)
[21:52:43][trace  ]<>: Paged block out in 0ms (15826bytes of data)
[21:52:43][trace  ]<>: Paging out data for (0,0,64) to (31,31,95)
[21:52:43][trace  ]<>: Paged block out in 0ms (18249bytes of data)
[21:52:43][trace  ]<>: Paging out data for (0,0,96) to (31,31,127)
[21:52:43][trace  ]<>: Paged block out in 0ms (19191bytes of data)
[21:52:43][trace  ]<>: Paging out data for (32,0,0) to (63,31,31)
[21:52:43][trace  ]<>: Paged block out in 1ms (19076bytes of data)
[21:52:43][trace  ]<>: Paging out data for (32,0,32) to (63,31,63)
[21:52:43][trace  ]<>: Paged block out in 1ms (16574bytes of data)
[21:52:43][trace  ]<>: Paging out data for (32,0,64) to (63,31,95)
[21:52:43][trace  ]<>: Paged block out in 1ms (24780bytes of data)
[21:52:43][trace  ]<>: Paging out data for (32,0,96) to (63,31,127)
[21:52:43][trace  ]<>: Paged block out in 0ms (25675bytes of data)
[21:52:43][trace  ]<>: Paging out data for (64,0,0) to (95,31,31)
[21:52:43][trace  ]<>: Paged block out in 0ms (20376bytes of data)
[21:52:43][trace  ]<>: Paging out data for (64,0,32) to (95,31,63)
[21:52:43][trace  ]<>: Paged block out in 0ms (18931bytes of data)
[21:52:43][trace  ]<>: Paging out data for (64,0,64) to (95,31,95)
[21:52:43][trace  ]<>: Paged block out in 0ms (32934bytes of data)
[21:52:43][trace  ]<>: Paging out data for (64,0,96) to (95,31,127)
[21:52:43][trace  ]<>: Paged block out in 0ms (25892bytes of data)
[21:52:43][trace  ]<>: Paging out data for (96,0,0) to (127,31,31)
[21:52:43][trace  ]<>: Paged block out in 0ms (12646bytes of data)
[21:52:43][trace  ]<>: Paging out data for (96,0,32) to (127,31,63)
[21:52:43][trace  ]<>: Paged block out in 0ms (22590bytes of data)
[21:52:43][trace  ]<>: Paging out data for (96,0,64) to (127,31,95)
[21:52:43][trace  ]<>: Paged block out in 0ms (21412bytes of data)
[21:52:43][trace  ]<>: Paging out data for (96,0,96) to (127,31,127)
[21:52:43][trace  ]<>: Paged block out in 1ms (13943bytes of data)
[21:52:43][trace  ]<>: In cuDeleteTerrainVolume() - deleting volume handle '0'
[21:52:43][trace  ]<>: Entering ~Volume()
[21:52:43][trace  ]<>: Exiting ~Volume()
[21:52:44][info   ]<>: Creating VoxelDatabase from 'C:/Users/gabe2_000/Dropbox/unity/exploratorum/Assets/StreamingAssets\26A58A8A.vdb'
[21:52:44][info   ]<>: Successfully opened'C:/Users/gabe2_000/Dropbox/unity/exploratorum/Assets/StreamingAssets\26A58A8A.vdb'
[21:52:44][debug  ]<>: The maximum number of uncompresed blocks has been set to 64, which is 16777216 bytes
[21:52:44][trace  ]<>: Creatd new smooth volume in slot 0
[21:52:44][trace  ]<>: In cuDeleteTerrainVolume() - deleting volume handle '0'
[21:52:44][trace  ]<>: Entering ~Volume()
[21:52:44][trace  ]<>: Exiting ~Volume()
[21:52:44][info   ]<>: Creating VoxelDatabase from 'C:/Users/gabe2_000/Dropbox/unity/exploratorum/Assets/StreamingAssets\26A58A8A.vdb'
[21:52:44][info   ]<>: Successfully opened'C:/Users/gabe2_000/Dropbox/unity/exploratorum/Assets/StreamingAssets\26A58A8A.vdb'
[21:52:44][debug  ]<>: The maximum number of uncompresed blocks has been set to 64, which is 16777216 bytes
[21:52:44][trace  ]<>: Creatd new smooth volume in slot 0
[21:52:44][trace  ]<>: Paged block in in 0ms
[21:52:44][trace  ]<>: Marching cubes surface extraction took 3ms (Region size = 33x33x33)
[21:52:44][trace  ]<>: Paged block in in 0ms
[21:52:44][trace  ]<>: Marching cubes surface extraction took 3ms (Region size = 33x33x33)
[21:52:44][trace  ]<>: Paged block in in 0ms
[21:52:44][trace  ]<>: Marching cubes surface extraction took 3ms (Region size = 33x33x33)
[21:52:44][trace  ]<>: Paged block in in 0ms
[21:52:44][trace  ]<>: Marching cubes surface extraction took 4ms (Region size = 33x33x33)
[21:52:44][trace  ]<>: Paged block in in 0ms
[21:52:44][trace  ]<>: Marching cubes surface extraction took 4ms (Region size = 33x33x33)
[21:52:44][trace  ]<>: Paged block in in 0ms
[21:52:44][trace  ]<>: Marching cubes surface extraction took 6ms (Region size = 33x33x33)
[21:52:44][trace  ]<>: Paged block in in 0ms
[21:52:44][trace  ]<>: Marching cubes surface extraction took 6ms (Region size = 33x33x33)
[21:52:44][trace  ]<>: Paged block in in 0ms
[21:52:44][trace  ]<>: Marching cubes surface extraction took 6ms (Region size = 33x33x33)
[21:52:44][trace  ]<>: Paged block in in 0ms
[21:52:44][trace  ]<>: Marching cubes surface extraction took 6ms (Region size = 33x33x33)
[21:52:44][trace  ]<>: Paged block in in 0ms
[21:52:44][trace  ]<>: Marching cubes surface extraction took 3ms (Region size = 33x33x33)
[21:52:44][trace  ]<>: Marching cubes surface extraction took 2ms (Region size = 33x33x33)
[21:52:44][trace  ]<>: Marching cubes surface extraction took 2ms (Region size = 33x33x33)
[21:52:44][trace  ]<>: Paged block in in 0ms
[21:52:44][trace  ]<>: Marching cubes surface extraction took 7ms (Region size = 33x33x33)
[21:52:44][trace  ]<>: Marching cubes surface extraction took 5ms (Region size = 33x33x33)
[21:52:44][trace  ]<>: Paged block in in 0ms
[21:52:44][trace  ]<>: Marching cubes surface extraction took 6ms (Region size = 33x33x33)
[21:52:44][trace  ]<>: Marching cubes surface extraction took 5ms (Region size = 33x33x33)
[21:52:44][trace  ]<>: Marching cubes surface extraction took 2ms (Region size = 33x33x33)
[21:52:44][trace  ]<>: Marching cubes surface extraction took 2ms (Region size = 33x33x33)
[21:52:44][trace  ]<>: Marching cubes surface extraction took 3ms (Region size = 33x33x33)
[21:52:44][trace  ]<>: Marching cubes surface extraction took 2ms (Region size = 33x33x33)
[21:52:44][trace  ]<>: Marching cubes surface extraction took 2ms (Region size = 33x33x33)
[21:52:44][trace  ]<>: Marching cubes surface extraction took 3ms (Region size = 33x33x33)
[21:52:44][trace  ]<>: Marching cubes surface extraction took 4ms (Region size = 33x33x33)
[21:52:44][trace  ]<>: Marching cubes surface extraction took 3ms (Region size = 33x33x33)
[21:52:44][trace  ]<>: Marching cubes surface extraction took 2ms (Region size = 33x33x33)
[21:52:44][trace  ]<>: Marching cubes surface extraction took 3ms (Region size = 33x33x33)
[21:52:44][trace  ]<>: Marching cubes surface extraction took 2ms (Region size = 33x33x33)
[21:52:44][trace  ]<>: Marching cubes surface extraction took 3ms (Region size = 33x33x33)
[21:52:44][trace  ]<>: Marching cubes surface extraction took 2ms (Region size = 33x33x33)
[21:52:44][trace  ]<>: Marching cubes surface extraction took 3ms (Region size = 33x33x33)
[21:52:44][trace  ]<>: Marching cubes surface extraction took 3ms (Region size = 33x33x33)
[21:52:44][trace  ]<>: Marching cubes surface extraction took 2ms (Region size = 33x33x33)
[21:52:44][trace  ]<>: Marching cubes surface extraction took 2ms (Region size = 33x33x33)
[21:52:44][trace  ]<>: Marching cubes surface extraction took 2ms (Region size = 33x33x33)
[21:52:44][trace  ]<>: Marching cubes surface extraction took 3ms (Region size = 33x33x33)
[21:52:44][trace  ]<>: Marching cubes surface extraction took 2ms (Region size = 33x33x33)
[21:52:44][trace  ]<>: Paged block in in 0ms
[21:52:44][trace  ]<>: Marching cubes surface extraction took 4ms (Region size = 33x33x33)
[21:52:44][trace  ]<>: Marching cubes surface extraction took 3ms (Region size = 33x33x33)
[21:52:44][trace  ]<>: Paged block in in 0ms
[21:52:44][trace  ]<>: Marching cubes surface extraction took 9ms (Region size = 33x33x33)
[21:52:44][trace  ]<>: Paged block in in 0ms
[21:52:44][trace  ]<>: Marching cubes surface extraction took 8ms (Region size = 33x33x33)
[21:52:44][trace  ]<>: Marching cubes surface extraction took 5ms (Region size = 33x33x33)
[21:52:44][trace  ]<>: Marching cubes surface extraction took 5ms (Region size = 33x33x33)
[21:52:44][trace  ]<>: Marching cubes surface extraction took 2ms (Region size = 33x33x33)
[21:52:44][trace  ]<>: Marching cubes surface extraction took 2ms (Region size = 33x33x33)
[21:52:44][trace  ]<>: Marching cubes surface extraction took 2ms (Region size = 33x33x33)
[21:52:44][trace  ]<>: Paged block in in 0ms
[21:52:44][trace  ]<>: Marching cubes surface extraction took 6ms (Region size = 33x33x33)
[21:52:44][trace  ]<>: Marching cubes surface extraction took 5ms (Region size = 33x33x33)
[21:52:44][trace  ]<>: Marching cubes surface extraction took 5ms (Region size = 33x33x33)
[21:52:44][trace  ]<>: Marching cubes surface extraction took 5ms (Region size = 33x33x33)
[21:52:44][trace  ]<>: Marching cubes surface extraction took 2ms (Region size = 33x33x33)
[21:52:44][trace  ]<>: Marching cubes surface extraction took 2ms (Region size = 33x33x33)
[21:52:44][trace  ]<>: Marching cubes surface extraction took 2ms (Region size = 33x33x33)
[21:52:44][trace  ]<>: Marching cubes surface extraction took 2ms (Region size = 33x33x33)
[21:52:44][trace  ]<>: Marching cubes surface extraction took 2ms (Region size = 33x33x33)
[21:52:44][trace  ]<>: Marching cubes surface extraction took 2ms (Region size = 33x33x33)
[21:52:44][trace  ]<>: Marching cubes surface extraction took 2ms (Region size = 33x33x33)
[21:52:44][trace  ]<>: Marching cubes surface extraction took 2ms (Region size = 33x33x33)
[21:52:44][trace  ]<>: Marching cubes surface extraction took 2ms (Region size = 33x33x33)
[21:52:44][trace  ]<>: Marching cubes surface extraction took 3ms (Region size = 33x33x33)
[21:52:44][trace  ]<>: Marching cubes surface extraction took 2ms (Region size = 33x33x33)
[21:52:44][trace  ]<>: Marching cubes surface extraction took 2ms (Region size = 33x33x33)
[21:52:44][trace  ]<>: Marching cubes surface extraction took 3ms (Region size = 33x33x33)
[21:52:44][trace  ]<>: Marching cubes surface extraction took 2ms (Region size = 33x33x33)
[21:52:44][trace  ]<>: Marching cubes surface extraction took 3ms (Region size = 33x33x33)
[21:52:44][trace  ]<>: Marching cubes surface extraction took 2ms (Region size = 33x33x33)
[21:52:44][trace  ]<>: Marching cubes surface extraction took 3ms (Region size = 33x33x33)
[21:52:44][trace  ]<>: Marching cubes surface extraction took 2ms (Region size = 33x33x33)
[21:52:44][trace  ]<>: Marching cubes surface extraction took 2ms (Region size = 33x33x33)
[21:52:44][trace  ]<>: Marching cubes surface extraction took 3ms (Region size = 33x33x33)
[21:52:44][trace  ]<>: Marching cubes surface extraction took 2ms (Region size = 33x33x33)
[21:52:44][trace  ]<>: Marching cubes surface extraction took 2ms (Region size = 33x33x33)
[21:52:44][trace  ]<>: Marching cubes surface extraction took 2ms (Region size = 33x33x33)
[21:53:49][info   ]<>: Resizing temp buffer to 65536bytes. This should only happen the first time the MinizBlockCompressor is used
[21:53:49][trace  ]<>: Paging out data for (0,0,0) to (31,31,31)
[21:53:49][trace  ]<>: Paged block out in 0ms (15559bytes of data)
[21:53:49][trace  ]<>: Paging out data for (0,0,32) to (31,31,63)
[21:53:49][trace  ]<>: Paged block out in 0ms (15826bytes of data)
[21:53:49][trace  ]<>: Paging out data for (0,0,64) to (31,31,95)
[21:53:49][trace  ]<>: Paged block out in 0ms (18249bytes of data)
[21:53:49][trace  ]<>: Paging out data for (0,0,96) to (31,31,127)
[21:53:49][trace  ]<>: Paged block out in 0ms (19191bytes of data)
[21:53:49][trace  ]<>: Paging out data for (32,0,0) to (63,31,31)
[21:53:49][trace  ]<>: Paged block out in 0ms (19076bytes of data)
[21:53:49][trace  ]<>: Paging out data for (32,0,32) to (63,31,63)
[21:53:49][trace  ]<>: Paged block out in 1ms (16574bytes of data)
[21:53:49][trace  ]<>: Paging out data for (32,0,64) to (63,31,95)
[21:53:49][trace  ]<>: Paged block out in 0ms (24780bytes of data)
[21:53:49][trace  ]<>: Paging out data for (32,0,96) to (63,31,127)
[21:53:49][trace  ]<>: Paged block out in 0ms (25675bytes of data)
[21:53:49][trace  ]<>: Paging out data for (64,0,0) to (95,31,31)
[21:53:49][trace  ]<>: Paged block out in 0ms (20376bytes of data)
[21:53:49][trace  ]<>: Paging out data for (64,0,32) to (95,31,63)
[21:53:49][trace  ]<>: Paged block out in 0ms (18931bytes of data)
[21:53:49][trace  ]<>: Paging out data for (64,0,64) to (95,31,95)
[21:53:49][trace  ]<>: Paged block out in 0ms (32934bytes of data)
[21:53:49][trace  ]<>: Paging out data for (64,0,96) to (95,31,127)
[21:53:49][trace  ]<>: Paged block out in 1ms (25892bytes of data)
[21:53:49][trace  ]<>: Paging out data for (96,0,0) to (127,31,31)
[21:53:49][trace  ]<>: Paged block out in 1ms (12646bytes of data)
[21:53:49][trace  ]<>: Paging out data for (96,0,32) to (127,31,63)
[21:53:49][trace  ]<>: Paged block out in 0ms (22590bytes of data)
[21:53:49][trace  ]<>: Paging out data for (96,0,64) to (127,31,95)
[21:53:49][trace  ]<>: Paged block out in 1ms (21412bytes of data)
[21:53:49][trace  ]<>: Paging out data for (96,0,96) to (127,31,127)
[21:53:49][trace  ]<>: Paged block out in 1ms (13943bytes of data)
[21:53:49][trace  ]<>: In cuDeleteTerrainVolume() - deleting volume handle '0'
[21:53:49][trace  ]<>: Entering ~Volume()
[21:53:49][trace  ]<>: Exiting ~Volume()
[21:53:49][info   ]<>: Creating VoxelDatabase from 'C:/Users/gabe2_000/Dropbox/unity/exploratorum/Assets/StreamingAssets\26A58A8A.vdb'
[21:53:49][info   ]<>: Successfully opened'C:/Users/gabe2_000/Dropbox/unity/exploratorum/Assets/StreamingAssets\26A58A8A.vdb'
[21:53:49][debug  ]<>: The maximum number of uncompresed blocks has been set to 64, which is 16777216 bytes
[21:53:49][trace  ]<>: Creatd new smooth volume in slot 0
[21:53:49][trace  ]<>: Paged block in in 0ms
[21:53:49][trace  ]<>: Marching cubes surface extraction took 3ms (Region size = 33x33x33)
[21:53:49][trace  ]<>: Paged block in in 0ms
[21:53:49][trace  ]<>: Marching cubes surface extraction took 3ms (Region size = 33x33x33)
[21:53:49][trace  ]<>: Paged block in in 0ms
[21:53:49][trace  ]<>: Marching cubes surface extraction took 3ms (Region size = 33x33x33)
[21:53:49][trace  ]<>: Paged block in in 0ms
[21:53:49][trace  ]<>: Marching cubes surface extraction took 4ms (Region size = 33x33x33)
[21:53:49][trace  ]<>: Paged block in in 0ms
[21:53:49][trace  ]<>: Marching cubes surface extraction took 4ms (Region size = 33x33x33)
[21:53:49][trace  ]<>: Paged block in in 0ms
[21:53:49][trace  ]<>: Marching cubes surface extraction took 6ms (Region size = 33x33x33)
[21:53:49][trace  ]<>: Paged block in in 0ms
[21:53:49][trace  ]<>: Marching cubes surface extraction took 6ms (Region size = 33x33x33)
[21:53:49][trace  ]<>: Paged block in in 0ms
[21:53:49][trace  ]<>: Marching cubes surface extraction took 6ms (Region size = 33x33x33)
[21:53:49][trace  ]<>: Paged block in in 0ms
[21:53:49][trace  ]<>: Marching cubes surface extraction took 6ms (Region size = 33x33x33)
[21:53:49][trace  ]<>: Paged block in in 0ms
[21:53:49][trace  ]<>: Marching cubes surface extraction took 3ms (Region size = 33x33x33)
[21:53:49][trace  ]<>: Marching cubes surface extraction took 2ms (Region size = 33x33x33)
[21:53:49][trace  ]<>: Marching cubes surface extraction took 2ms (Region size = 33x33x33)
[21:53:49][trace  ]<>: Paged block in in 0ms
[21:53:49][trace  ]<>: Marching cubes surface extraction took 6ms (Region size = 33x33x33)
[21:53:49][trace  ]<>: Marching cubes surface extraction took 5ms (Region size = 33x33x33)
[21:53:49][trace  ]<>: Paged block in in 0ms
[21:53:49][trace  ]<>: Marching cubes surface extraction took 6ms (Region size = 33x33x33)
[21:53:49][trace  ]<>: Marching cubes surface extraction took 5ms (Region size = 33x33x33)
[21:53:49][trace  ]<>: Marching cubes surface extraction took 2ms (Region size = 33x33x33)
[21:53:49][trace  ]<>: Marching cubes surface extraction took 2ms (Region size = 33x33x33)
[21:53:49][trace  ]<>: Marching cubes surface extraction took 2ms (Region size = 33x33x33)
[21:53:49][trace  ]<>: Marching cubes surface extraction took 2ms (Region size = 33x33x33)
[21:53:49][trace  ]<>: Marching cubes surface extraction took 3ms (Region size = 33x33x33)
[21:53:49][trace  ]<>: Marching cubes surface extraction took 2ms (Region size = 33x33x33)
[21:53:49][trace  ]<>: Marching cubes surface extraction took 2ms (Region size = 33x33x33)
[21:53:49][trace  ]<>: Marching cubes surface extraction took 2ms (Region size = 33x33x33)
[21:53:49][trace  ]<>: Marching cubes surface extraction took 2ms (Region size = 33x33x33)
[21:53:49][trace  ]<>: Marching cubes surface extraction took 2ms (Region size = 33x33x33)
[21:53:49][trace  ]<>: Marching cubes surface extraction took 2ms (Region size = 33x33x33)
[21:53:49][trace  ]<>: Marching cubes surface extraction took 2ms (Region size = 33x33x33)
[21:53:49][trace  ]<>: Marching cubes surface extraction took 2ms (Region size = 33x33x33)
[21:53:49][trace  ]<>: Marching cubes surface extraction took 2ms (Region size = 33x33x33)
[21:53:49][trace  ]<>: Marching cubes surface extraction took 2ms (Region size = 33x33x33)
[21:53:49][trace  ]<>: Marching cubes surface extraction took 2ms (Region size = 33x33x33)
[21:53:49][trace  ]<>: Marching cubes surface extraction took 2ms (Region size = 33x33x33)
[21:53:49][trace  ]<>: Marching cubes surface extraction took 2ms (Region size = 33x33x33)
[21:53:49][trace  ]<>: Marching cubes surface extraction took 2ms (Region size = 33x33x33)
[21:53:49][trace  ]<>: Marching cubes surface extraction took 2ms (Region size = 33x33x33)
[21:53:49][trace  ]<>: Paged block in in 0ms
[21:53:49][trace  ]<>: Marching cubes surface extraction took 4ms (Region size = 33x33x33)
[21:53:49][trace  ]<>: Marching cubes surface extraction took 3ms (Region size = 33x33x33)
[21:53:49][trace  ]<>: Paged block in in 0ms
[21:53:49][trace  ]<>: Marching cubes surface extraction took 6ms (Region size = 33x33x33)
[21:53:49][trace  ]<>: Paged block in in 0ms
[21:53:49][trace  ]<>: Marching cubes surface extraction took 6ms (Region size = 33x33x33)
[21:53:49][trace  ]<>: Marching cubes surface extraction took 5ms (Region size = 33x33x33)
[21:53:49][trace  ]<>: Marching cubes surface extraction took 5ms (Region size = 33x33x33)
[21:53:49][trace  ]<>: Marching cubes surface extraction took 2ms (Region size = 33x33x33)
[21:53:49][trace  ]<>: Marching cubes surface extraction took 2ms (Region size = 33x33x33)
[21:53:49][trace  ]<>: Marching cubes surface extraction took 2ms (Region size = 33x33x33)
[21:53:49][trace  ]<>: Paged block in in 0ms
[21:53:49][trace  ]<>: Marching cubes surface extraction took 6ms (Region size = 33x33x33)
[21:53:49][trace  ]<>: Marching cubes surface extraction took 5ms (Region size = 33x33x33)
[21:53:49][trace  ]<>: Marching cubes surface extraction took 8ms (Region size = 33x33x33)
[21:53:49][trace  ]<>: Marching cubes surface extraction took 5ms (Region size = 33x33x33)
[21:53:49][trace  ]<>: Marching cubes surface extraction took 2ms (Region size = 33x33x33)
[21:53:49][trace  ]<>: Marching cubes surface extraction took 2ms (Region size = 33x33x33)
[21:53:49][trace  ]<>: Marching cubes surface extraction took 2ms (Region size = 33x33x33)
[21:53:49][trace  ]<>: Marching cubes surface extraction took 2ms (Region size = 33x33x33)
[21:53:49][trace  ]<>: Marching cubes surface extraction took 2ms (Region size = 33x33x33)
[21:53:49][trace  ]<>: Marching cubes surface extraction took 2ms (Region size = 33x33x33)
[21:53:49][trace  ]<>: Marching cubes surface extraction took 2ms (Region size = 33x33x33)
[21:53:49][trace  ]<>: Marching cubes surface extraction took 2ms (Region size = 33x33x33)
[21:53:49][trace  ]<>: Marching cubes surface extraction took 3ms (Region size = 33x33x33)
[21:53:49][trace  ]<>: Marching cubes surface extraction took 2ms (Region size = 33x33x33)
[21:53:49][trace  ]<>: Marching cubes surface extraction took 2ms (Region size = 33x33x33)
[21:53:49][trace  ]<>: Marching cubes surface extraction took 2ms (Region size = 33x33x33)
[21:53:49][trace  ]<>: Marching cubes surface extraction took 3ms (Region size = 33x33x33)
[21:53:49][trace  ]<>: Marching cubes surface extraction took 2ms (Region size = 33x33x33)
[21:53:49][trace  ]<>: Marching cubes surface extraction took 3ms (Region size = 33x33x33)
[21:53:49][trace  ]<>: Marching cubes surface extraction took 2ms (Region size = 33x33x33)
[21:53:49][trace  ]<>: Marching cubes surface extraction took 3ms (Region size = 33x33x33)
[21:53:49][trace  ]<>: Marching cubes surface extraction took 3ms (Region size = 33x33x33)
[21:53:49][trace  ]<>: Marching cubes surface extraction took 3ms (Region size = 33x33x33)
[21:53:49][trace  ]<>: Marching cubes surface extraction took 3ms (Region size = 33x33x33)
[21:53:49][trace  ]<>: Marching cubes surface extraction took 2ms (Region size = 33x33x33)
[21:53:49][trace  ]<>: Marching cubes surface extraction took 3ms (Region size = 33x33x33)
[21:53:49][trace  ]<>: Marching cubes surface extraction took 2ms (Region size = 33x33x33)
[21:53:49][error  ]<>: Volume handle'0' is outside volume array bounds
[21:58:44][info   ]<>: Resizing temp buffer to 65536bytes. This should only happen the first time the MinizBlockCompressor is used
[21:58:44][trace  ]<>: Paging out data for (0,0,0) to (31,31,31)
[21:58:44][trace  ]<>: Paged block out in 0ms (15559bytes of data)
[21:58:44][trace  ]<>: Paging out data for (0,0,32) to (31,31,63)
[21:58:44][trace  ]<>: Paged block out in 0ms (15826bytes of data)
[21:58:44][trace  ]<>: Paging out data for (0,0,64) to (31,31,95)
[21:58:44][trace  ]<>: Paged block out in 0ms (18249bytes of data)
[21:58:44][trace  ]<>: Paging out data for (0,0,96) to (31,31,127)
[21:58:44][trace  ]<>: Paged block out in 0ms (19191bytes of data)
[21:58:44][trace  ]<>: Paging out data for (32,0,0) to (63,31,31)
[21:58:44][trace  ]<>: Paged block out in 0ms (19076bytes of data)
[21:58:44][trace  ]<>: Paging out data for (32,0,32) to (63,31,63)
[21:58:44][trace  ]<>: Paged block out in 1ms (16574bytes of data)
[21:58:44][trace  ]<>: Paging out data for (32,0,64) to (63,31,95)
[21:58:44][trace  ]<>: Paged block out in 1ms (24780bytes of data)
[21:58:44][trace  ]<>: Paging out data for (32,0,96) to (63,31,127)
[21:58:44][trace  ]<>: Paged block out in 0ms (25675bytes of data)
[21:58:44][trace  ]<>: Paging out data for (64,0,0) to (95,31,31)
[21:58:44][trace  ]<>: Paged block out in 0ms (20376bytes of data)
[21:58:44][trace  ]<>: Paging out data for (64,0,32) to (95,31,63)
[21:58:44][trace  ]<>: Paged block out in 0ms (18931bytes of data)
[21:58:44][trace  ]<>: Paging out data for (64,0,64) to (95,31,95)
[21:58:44][trace  ]<>: Paged block out in 0ms (32934bytes of data)
[21:58:44][trace  ]<>: Paging out data for (64,0,96) to (95,31,127)
[21:58:44][trace  ]<>: Paged block out in 0ms (25892bytes of data)
[21:58:44][trace  ]<>: Paging out data for (96,0,0) to (127,31,31)
[21:58:44][trace  ]<>: Paged block out in 0ms (12646bytes of data)
[21:58:44][trace  ]<>: Paging out data for (96,0,32) to (127,31,63)
[21:58:44][trace  ]<>: Paged block out in 0ms (22590bytes of data)
[21:58:44][trace  ]<>: Paging out data for (96,0,64) to (127,31,95)
[21:58:44][trace  ]<>: Paged block out in 0ms (21412bytes of data)
[21:58:44][trace  ]<>: Paging out data for (96,0,96) to (127,31,127)
[21:58:44][trace  ]<>: Paged block out in 0ms (13943bytes of data)
[21:58:44][trace  ]<>: In cuDeleteTerrainVolume() - deleting volume handle '0'
[21:58:44][trace  ]<>: Entering ~Volume()
[21:58:44][trace  ]<>: Exiting ~Volume()
