[16:27:10][info   ]<>: Creating VoxelDatabase from 'C:/Users/gabe2_000/Dropbox/unity/exploratorum/Assets/StreamingAssets\781997EF.vdb'
[16:27:10][info   ]<>: Successfully opened'C:/Users/gabe2_000/Dropbox/unity/exploratorum/Assets/StreamingAssets\781997EF.vdb'
[16:27:10][debug  ]<>: The maximum number of uncompresed blocks has been set to 64, which is 16777216 bytes
[16:27:10][trace  ]<>: Creatd new smooth volume in slot 0
[16:27:10][trace  ]<>: Paged block in in 0ms
[16:27:10][trace  ]<>: Marching cubes surface extraction took 5ms (Region size = 33x33x33)
[16:27:10][trace  ]<>: Paged block in in 0ms
[16:27:10][trace  ]<>: Marching cubes surface extraction took 3ms (Region size = 33x33x33)
[16:27:10][trace  ]<>: Paged block in in 0ms
[16:27:10][trace  ]<>: Marching cubes surface extraction took 4ms (Region size = 33x33x33)
[16:27:10][trace  ]<>: Paged block in in 0ms
[16:27:10][trace  ]<>: Marching cubes surface extraction took 6ms (Region size = 33x33x33)
[16:27:10][trace  ]<>: Paged block in in 0ms
[16:27:10][trace  ]<>: Marching cubes surface extraction took 5ms (Region size = 33x33x33)
[16:27:10][trace  ]<>: Paged block in in 0ms
[16:27:10][trace  ]<>: Marching cubes surface extraction took 6ms (Region size = 33x33x33)
[16:27:10][trace  ]<>: Paged block in in 0ms
[16:27:10][trace  ]<>: Marching cubes surface extraction took 7ms (Region size = 33x33x33)
[16:27:10][trace  ]<>: Paged block in in 0ms
[16:27:10][trace  ]<>: Marching cubes surface extraction took 7ms (Region size = 33x33x33)
[16:27:10][trace  ]<>: Paged block in in 0ms
[16:27:10][trace  ]<>: Marching cubes surface extraction took 7ms (Region size = 33x33x33)
[16:27:10][trace  ]<>: Paged block in in 0ms
[16:27:10][trace  ]<>: Marching cubes surface extraction took 3ms (Region size = 33x33x33)
[16:27:10][trace  ]<>: Marching cubes surface extraction took 2ms (Region size = 33x33x33)
[16:27:10][trace  ]<>: Marching cubes surface extraction took 3ms (Region size = 33x33x33)
[16:27:10][trace  ]<>: Paged block in in 0ms
[16:27:10][trace  ]<>: Marching cubes surface extraction took 5ms (Region size = 33x33x33)
[16:27:10][trace  ]<>: Marching cubes surface extraction took 5ms (Region size = 33x33x33)
[16:27:10][trace  ]<>: Paged block in in 0ms
[16:27:10][trace  ]<>: Marching cubes surface extraction took 6ms (Region size = 33x33x33)
[16:27:10][trace  ]<>: Marching cubes surface extraction took 6ms (Region size = 33x33x33)
[16:27:10][trace  ]<>: Marching cubes surface extraction took 2ms (Region size = 33x33x33)
[16:27:10][trace  ]<>: Marching cubes surface extraction took 2ms (Region size = 33x33x33)
[16:27:10][trace  ]<>: Marching cubes surface extraction took 2ms (Region size = 33x33x33)
[16:27:10][trace  ]<>: Marching cubes surface extraction took 2ms (Region size = 33x33x33)
[16:27:10][trace  ]<>: Marching cubes surface extraction took 2ms (Region size = 33x33x33)
[16:27:10][trace  ]<>: Marching cubes surface extraction took 4ms (Region size = 33x33x33)
[16:27:10][trace  ]<>: Marching cubes surface extraction took 3ms (Region size = 33x33x33)
[16:27:10][trace  ]<>: Marching cubes surface extraction took 5ms (Region size = 33x33x33)
[16:27:10][trace  ]<>: Marching cubes surface extraction took 5ms (Region size = 33x33x33)
[16:27:10][trace  ]<>: Marching cubes surface extraction took 5ms (Region size = 33x33x33)
[16:27:10][trace  ]<>: Marching cubes surface extraction took 5ms (Region size = 33x33x33)
[16:27:10][trace  ]<>: Marching cubes surface extraction took 2ms (Region size = 33x33x33)
[16:27:10][trace  ]<>: Marching cubes surface extraction took 2ms (Region size = 33x33x33)
[16:27:10][trace  ]<>: Marching cubes surface extraction took 2ms (Region size = 33x33x33)
[16:27:10][trace  ]<>: Marching cubes surface extraction took 5ms (Region size = 33x33x33)
[16:27:10][trace  ]<>: Marching cubes surface extraction took 5ms (Region size = 33x33x33)
[16:27:10][trace  ]<>: Marching cubes surface extraction took 5ms (Region size = 33x33x33)
[16:27:10][trace  ]<>: Marching cubes surface extraction took 5ms (Region size = 33x33x33)
[16:27:10][trace  ]<>: Marching cubes surface extraction took 2ms (Region size = 33x33x33)
[16:27:10][trace  ]<>: Marching cubes surface extraction took 2ms (Region size = 33x33x33)
[16:27:10][trace  ]<>: Paged block in in 0ms
[16:27:10][trace  ]<>: Marching cubes surface extraction took 4ms (Region size = 33x33x33)
[16:27:10][trace  ]<>: Marching cubes surface extraction took 3ms (Region size = 33x33x33)
[16:27:10][trace  ]<>: Paged block in in 0ms
[16:27:10][trace  ]<>: Marching cubes surface extraction took 6ms (Region size = 33x33x33)
[16:27:10][trace  ]<>: Paged block in in 0ms
[16:27:10][trace  ]<>: Marching cubes surface extraction took 6ms (Region size = 33x33x33)
[16:27:10][trace  ]<>: Marching cubes surface extraction took 5ms (Region size = 33x33x33)
[16:27:10][trace  ]<>: Marching cubes surface extraction took 6ms (Region size = 33x33x33)
[16:27:10][trace  ]<>: Marching cubes surface extraction took 2ms (Region size = 33x33x33)
[16:27:10][trace  ]<>: Marching cubes surface extraction took 2ms (Region size = 33x33x33)
[16:27:10][trace  ]<>: Marching cubes surface extraction took 2ms (Region size = 33x33x33)
[16:27:10][trace  ]<>: Paged block in in 0ms
[16:27:10][trace  ]<>: Marching cubes surface extraction took 7ms (Region size = 33x33x33)
[16:27:10][trace  ]<>: Marching cubes surface extraction took 5ms (Region size = 33x33x33)
[16:27:10][trace  ]<>: Marching cubes surface extraction took 5ms (Region size = 33x33x33)
[16:27:10][trace  ]<>: Marching cubes surface extraction took 5ms (Region size = 33x33x33)
[16:27:10][trace  ]<>: Marching cubes surface extraction took 2ms (Region size = 33x33x33)
[16:27:10][trace  ]<>: Marching cubes surface extraction took 2ms (Region size = 33x33x33)
[16:27:10][trace  ]<>: Marching cubes surface extraction took 2ms (Region size = 33x33x33)
[16:27:10][trace  ]<>: Marching cubes surface extraction took 2ms (Region size = 33x33x33)
[16:27:10][trace  ]<>: Marching cubes surface extraction took 2ms (Region size = 33x33x33)
[16:27:10][trace  ]<>: Marching cubes surface extraction took 4ms (Region size = 33x33x33)
[16:27:10][trace  ]<>: Marching cubes surface extraction took 3ms (Region size = 33x33x33)
[16:27:10][trace  ]<>: Marching cubes surface extraction took 5ms (Region size = 33x33x33)
[16:27:10][trace  ]<>: Marching cubes surface extraction took 6ms (Region size = 33x33x33)
[16:27:10][trace  ]<>: Marching cubes surface extraction took 5ms (Region size = 33x33x33)
[16:27:10][trace  ]<>: Marching cubes surface extraction took 6ms (Region size = 33x33x33)
[16:27:10][trace  ]<>: Marching cubes surface extraction took 3ms (Region size = 33x33x33)
[16:27:10][trace  ]<>: Marching cubes surface extraction took 2ms (Region size = 33x33x33)
[16:27:10][trace  ]<>: Marching cubes surface extraction took 2ms (Region size = 33x33x33)
[16:27:10][trace  ]<>: Marching cubes surface extraction took 5ms (Region size = 33x33x33)
[16:27:10][trace  ]<>: Marching cubes surface extraction took 5ms (Region size = 33x33x33)
[16:27:10][trace  ]<>: Marching cubes surface extraction took 5ms (Region size = 33x33x33)
[16:27:10][trace  ]<>: Marching cubes surface extraction took 5ms (Region size = 33x33x33)
[16:27:10][trace  ]<>: Marching cubes surface extraction took 2ms (Region size = 33x33x33)
[16:27:10][trace  ]<>: Marching cubes surface extraction took 2ms (Region size = 33x33x33)
[16:27:10][trace  ]<>: Marching cubes surface extraction took 2ms (Region size = 33x33x33)
[16:27:10][trace  ]<>: Marching cubes surface extraction took 2ms (Region size = 33x33x33)
[16:27:10][trace  ]<>: Marching cubes surface extraction took 2ms (Region size = 33x33x33)
[16:27:13][error  ]<>: Volume handle'0' is outside volume array bounds
[16:27:13][trace  ]<>: Marching cubes surface extraction took 5ms (Region size = 33x33x33)
[16:27:13][trace  ]<>: Marching cubes surface extraction took 6ms (Region size = 33x33x33)
[16:27:13][trace  ]<>: Marching cubes surface extraction took 6ms (Region size = 33x33x33)
[16:27:13][trace  ]<>: Marching cubes surface extraction took 5ms (Region size = 33x33x33)
[16:27:13][trace  ]<>: Marching cubes surface extraction took 5ms (Region size = 33x33x33)
[16:27:13][trace  ]<>: Marching cubes surface extraction took 6ms (Region size = 33x33x33)
[16:27:14][trace  ]<>: Marching cubes surface extraction took 6ms (Region size = 33x33x33)
[16:27:14][trace  ]<>: Marching cubes surface extraction took 6ms (Region size = 33x33x33)
[16:27:18][trace  ]<>: Marching cubes surface extraction took 8ms (Region size = 33x33x33)
[16:27:18][trace  ]<>: Marching cubes surface extraction took 6ms (Region size = 33x33x33)
[16:27:19][trace  ]<>: Marching cubes surface extraction took 5ms (Region size = 33x33x33)
[16:27:19][trace  ]<>: Marching cubes surface extraction took 6ms (Region size = 33x33x33)
[16:27:19][trace  ]<>: Marching cubes surface extraction took 6ms (Region size = 33x33x33)
[16:27:19][trace  ]<>: Marching cubes surface extraction took 5ms (Region size = 33x33x33)
[16:27:19][trace  ]<>: Marching cubes surface extraction took 6ms (Region size = 33x33x33)
[16:27:19][trace  ]<>: Marching cubes surface extraction took 5ms (Region size = 33x33x33)
[16:27:20][trace  ]<>: Marching cubes surface extraction took 6ms (Region size = 33x33x33)
[16:27:20][trace  ]<>: Marching cubes surface extraction took 6ms (Region size = 33x33x33)
[16:27:21][trace  ]<>: Marching cubes surface extraction took 5ms (Region size = 33x33x33)
[16:27:21][trace  ]<>: Marching cubes surface extraction took 5ms (Region size = 33x33x33)
[16:27:21][trace  ]<>: Marching cubes surface extraction took 6ms (Region size = 33x33x33)
[16:27:21][trace  ]<>: Marching cubes surface extraction took 5ms (Region size = 33x33x33)
[16:27:21][trace  ]<>: Marching cubes surface extraction took 6ms (Region size = 33x33x33)
[16:27:21][trace  ]<>: Marching cubes surface extraction took 5ms (Region size = 33x33x33)
[16:27:21][trace  ]<>: Marching cubes surface extraction took 5ms (Region size = 33x33x33)
[16:27:21][trace  ]<>: Marching cubes surface extraction took 5ms (Region size = 33x33x33)
[16:27:21][trace  ]<>: Marching cubes surface extraction took 5ms (Region size = 33x33x33)
[16:27:21][trace  ]<>: Marching cubes surface extraction took 5ms (Region size = 33x33x33)
[16:27:21][trace  ]<>: Marching cubes surface extraction took 5ms (Region size = 33x33x33)
[16:27:21][trace  ]<>: Marching cubes surface extraction took 6ms (Region size = 33x33x33)
[16:27:22][trace  ]<>: Marching cubes surface extraction took 5ms (Region size = 33x33x33)
[16:27:22][trace  ]<>: Marching cubes surface extraction took 5ms (Region size = 33x33x33)
[16:27:22][trace  ]<>: Marching cubes surface extraction took 5ms (Region size = 33x33x33)
[16:27:22][trace  ]<>: Marching cubes surface extraction took 6ms (Region size = 33x33x33)
[16:27:22][trace  ]<>: Marching cubes surface extraction took 5ms (Region size = 33x33x33)
[16:27:22][trace  ]<>: Marching cubes surface extraction took 5ms (Region size = 33x33x33)
[16:27:22][trace  ]<>: Marching cubes surface extraction took 6ms (Region size = 33x33x33)
[16:27:22][trace  ]<>: Marching cubes surface extraction took 5ms (Region size = 33x33x33)
[16:27:22][trace  ]<>: Marching cubes surface extraction took 7ms (Region size = 33x33x33)
[16:27:22][trace  ]<>: Marching cubes surface extraction took 5ms (Region size = 33x33x33)
[16:27:23][trace  ]<>: Marching cubes surface extraction took 5ms (Region size = 33x33x33)
[16:27:23][trace  ]<>: Marching cubes surface extraction took 5ms (Region size = 33x33x33)
[16:27:23][trace  ]<>: Marching cubes surface extraction took 6ms (Region size = 33x33x33)
[16:27:23][trace  ]<>: Marching cubes surface extraction took 5ms (Region size = 33x33x33)
[16:27:23][trace  ]<>: Marching cubes surface extraction took 5ms (Region size = 33x33x33)
[16:27:26][trace  ]<>: Marching cubes surface extraction took 6ms (Region size = 33x33x33)
[16:27:26][trace  ]<>: Marching cubes surface extraction took 5ms (Region size = 33x33x33)
[16:27:26][trace  ]<>: Marching cubes surface extraction took 6ms (Region size = 33x33x33)
[16:27:27][trace  ]<>: Marching cubes surface extraction took 5ms (Region size = 33x33x33)
[16:27:27][trace  ]<>: Marching cubes surface extraction took 2ms (Region size = 33x33x33)
[16:27:27][trace  ]<>: Marching cubes surface extraction took 5ms (Region size = 33x33x33)
[16:27:27][trace  ]<>: Marching cubes surface extraction took 3ms (Region size = 33x33x33)
[16:27:27][trace  ]<>: Marching cubes surface extraction took 5ms (Region size = 33x33x33)
[16:27:27][trace  ]<>: Marching cubes surface extraction took 2ms (Region size = 33x33x33)
[16:27:27][trace  ]<>: Marching cubes surface extraction took 5ms (Region size = 33x33x33)
[16:27:28][trace  ]<>: Marching cubes surface extraction took 4ms (Region size = 33x33x33)
[16:27:28][trace  ]<>: Marching cubes surface extraction took 5ms (Region size = 33x33x33)
[16:27:28][trace  ]<>: Marching cubes surface extraction took 3ms (Region size = 33x33x33)
[16:27:28][trace  ]<>: Marching cubes surface extraction took 2ms (Region size = 33x33x33)
[16:27:28][trace  ]<>: Marching cubes surface extraction took 3ms (Region size = 33x33x33)
[16:27:28][trace  ]<>: Marching cubes surface extraction took 5ms (Region size = 33x33x33)
[16:27:28][trace  ]<>: Marching cubes surface extraction took 2ms (Region size = 33x33x33)
[16:27:28][trace  ]<>: Marching cubes surface extraction took 3ms (Region size = 33x33x33)
[16:27:28][trace  ]<>: Marching cubes surface extraction took 3ms (Region size = 33x33x33)
[16:27:28][trace  ]<>: Marching cubes surface extraction took 5ms (Region size = 33x33x33)
[16:27:30][trace  ]<>: Marching cubes surface extraction took 3ms (Region size = 33x33x33)
[16:27:30][trace  ]<>: Marching cubes surface extraction took 2ms (Region size = 33x33x33)
[16:27:30][trace  ]<>: Marching cubes surface extraction took 4ms (Region size = 33x33x33)
[16:27:30][trace  ]<>: Marching cubes surface extraction took 5ms (Region size = 33x33x33)
[16:27:32][trace  ]<>: Marching cubes surface extraction took 3ms (Region size = 33x33x33)
[16:27:32][trace  ]<>: Marching cubes surface extraction took 6ms (Region size = 33x33x33)
[16:27:32][trace  ]<>: Marching cubes surface extraction took 5ms (Region size = 33x33x33)
[16:27:32][trace  ]<>: Marching cubes surface extraction took 5ms (Region size = 33x33x33)
[16:27:32][trace  ]<>: Marching cubes surface extraction took 4ms (Region size = 33x33x33)
[16:27:32][trace  ]<>: Marching cubes surface extraction took 5ms (Region size = 33x33x33)
[16:27:32][trace  ]<>: Marching cubes surface extraction took 4ms (Region size = 33x33x33)
[16:27:32][trace  ]<>: Marching cubes surface extraction took 5ms (Region size = 33x33x33)
[16:27:32][trace  ]<>: Marching cubes surface extraction took 5ms (Region size = 33x33x33)
[16:27:32][trace  ]<>: Marching cubes surface extraction took 5ms (Region size = 33x33x33)
[16:27:32][trace  ]<>: Marching cubes surface extraction took 4ms (Region size = 33x33x33)
[16:27:33][trace  ]<>: Marching cubes surface extraction took 5ms (Region size = 33x33x33)
[16:27:34][trace  ]<>: Marching cubes surface extraction took 4ms (Region size = 33x33x33)
[16:27:34][trace  ]<>: Marching cubes surface extraction took 5ms (Region size = 33x33x33)
[16:27:54][info   ]<>: Creating VoxelDatabase from 'C:/Users/gabe2_000/Dropbox/unity/exploratorum/Assets/StreamingAssets\781997EF.vdb'
[16:27:54][info   ]<>: Successfully opened'C:/Users/gabe2_000/Dropbox/unity/exploratorum/Assets/StreamingAssets\781997EF.vdb'
[16:27:54][debug  ]<>: The maximum number of uncompresed blocks has been set to 64, which is 16777216 bytes
[16:27:54][trace  ]<>: Creatd new smooth volume in slot 0
[16:27:54][trace  ]<>: Paged block in in 0ms
[16:27:54][trace  ]<>: Marching cubes surface extraction took 3ms (Region size = 33x33x33)
[16:27:54][trace  ]<>: Paged block in in 0ms
[16:27:54][trace  ]<>: Marching cubes surface extraction took 4ms (Region size = 33x33x33)
[16:27:54][trace  ]<>: Paged block in in 0ms
[16:27:54][trace  ]<>: Marching cubes surface extraction took 4ms (Region size = 33x33x33)
[16:27:54][trace  ]<>: Paged block in in 0ms
[16:27:54][trace  ]<>: Marching cubes surface extraction took 4ms (Region size = 33x33x33)
[16:27:54][trace  ]<>: Paged block in in 0ms
[16:27:54][trace  ]<>: Marching cubes surface extraction took 5ms (Region size = 33x33x33)
[16:27:54][trace  ]<>: Paged block in in 0ms
[16:27:54][trace  ]<>: Marching cubes surface extraction took 6ms (Region size = 33x33x33)
[16:27:54][trace  ]<>: Paged block in in 0ms
[16:27:54][trace  ]<>: Marching cubes surface extraction took 6ms (Region size = 33x33x33)
[16:27:54][trace  ]<>: Paged block in in 0ms
[16:27:54][trace  ]<>: Marching cubes surface extraction took 6ms (Region size = 33x33x33)
[16:27:54][trace  ]<>: Paged block in in 0ms
[16:27:54][trace  ]<>: Marching cubes surface extraction took 7ms (Region size = 33x33x33)
[16:27:54][trace  ]<>: Paged block in in 0ms
[16:27:54][trace  ]<>: Marching cubes surface extraction took 3ms (Region size = 33x33x33)
[16:27:54][trace  ]<>: Marching cubes surface extraction took 2ms (Region size = 33x33x33)
[16:27:54][trace  ]<>: Marching cubes surface extraction took 3ms (Region size = 33x33x33)
[16:27:54][trace  ]<>: Paged block in in 0ms
[16:27:54][trace  ]<>: Marching cubes surface extraction took 6ms (Region size = 33x33x33)
[16:27:54][trace  ]<>: Marching cubes surface extraction took 5ms (Region size = 33x33x33)
[16:27:54][trace  ]<>: Paged block in in 0ms
[16:27:54][trace  ]<>: Marching cubes surface extraction took 7ms (Region size = 33x33x33)
[16:27:54][trace  ]<>: Marching cubes surface extraction took 6ms (Region size = 33x33x33)
[16:27:54][trace  ]<>: Marching cubes surface extraction took 2ms (Region size = 33x33x33)
[16:27:54][trace  ]<>: Marching cubes surface extraction took 2ms (Region size = 33x33x33)
[16:27:54][trace  ]<>: Marching cubes surface extraction took 2ms (Region size = 33x33x33)
[16:27:54][trace  ]<>: Marching cubes surface extraction took 2ms (Region size = 33x33x33)
[16:27:54][trace  ]<>: Marching cubes surface extraction took 3ms (Region size = 33x33x33)
[16:27:54][trace  ]<>: Marching cubes surface extraction took 4ms (Region size = 33x33x33)
[16:27:54][trace  ]<>: Marching cubes surface extraction took 3ms (Region size = 33x33x33)
[16:27:54][trace  ]<>: Marching cubes surface extraction took 5ms (Region size = 33x33x33)
[16:27:54][trace  ]<>: Marching cubes surface extraction took 5ms (Region size = 33x33x33)
[16:27:54][trace  ]<>: Marching cubes surface extraction took 5ms (Region size = 33x33x33)
[16:27:54][trace  ]<>: Marching cubes surface extraction took 5ms (Region size = 33x33x33)
[16:27:54][trace  ]<>: Marching cubes surface extraction took 2ms (Region size = 33x33x33)
[16:27:54][trace  ]<>: Marching cubes surface extraction took 2ms (Region size = 33x33x33)
[16:27:54][trace  ]<>: Marching cubes surface extraction took 2ms (Region size = 33x33x33)
[16:27:54][trace  ]<>: Marching cubes surface extraction took 5ms (Region size = 33x33x33)
[16:27:54][trace  ]<>: Marching cubes surface extraction took 5ms (Region size = 33x33x33)
[16:27:54][trace  ]<>: Marching cubes surface extraction took 5ms (Region size = 33x33x33)
[16:27:54][trace  ]<>: Marching cubes surface extraction took 6ms (Region size = 33x33x33)
[16:27:54][trace  ]<>: Marching cubes surface extraction took 2ms (Region size = 33x33x33)
[16:27:54][trace  ]<>: Marching cubes surface extraction took 2ms (Region size = 33x33x33)
[16:27:54][trace  ]<>: Paged block in in 0ms
[16:27:54][trace  ]<>: Marching cubes surface extraction took 4ms (Region size = 33x33x33)
[16:27:54][trace  ]<>: Marching cubes surface extraction took 3ms (Region size = 33x33x33)
[16:27:54][trace  ]<>: Paged block in in 0ms
[16:27:54][trace  ]<>: Marching cubes surface extraction took 6ms (Region size = 33x33x33)
[16:27:54][trace  ]<>: Paged block in in 0ms
[16:27:54][trace  ]<>: Marching cubes surface extraction took 7ms (Region size = 33x33x33)
[16:27:54][trace  ]<>: Marching cubes surface extraction took 5ms (Region size = 33x33x33)
[16:27:54][trace  ]<>: Marching cubes surface extraction took 6ms (Region size = 33x33x33)
[16:27:54][trace  ]<>: Marching cubes surface extraction took 2ms (Region size = 33x33x33)
[16:27:54][trace  ]<>: Marching cubes surface extraction took 2ms (Region size = 33x33x33)
[16:27:54][trace  ]<>: Marching cubes surface extraction took 2ms (Region size = 33x33x33)
[16:27:54][trace  ]<>: Paged block in in 0ms
[16:27:54][trace  ]<>: Marching cubes surface extraction took 6ms (Region size = 33x33x33)
[16:27:54][trace  ]<>: Marching cubes surface extraction took 6ms (Region size = 33x33x33)
[16:27:54][trace  ]<>: Marching cubes surface extraction took 5ms (Region size = 33x33x33)
[16:27:54][trace  ]<>: Marching cubes surface extraction took 6ms (Region size = 33x33x33)
[16:27:54][trace  ]<>: Marching cubes surface extraction took 2ms (Region size = 33x33x33)
[16:27:54][trace  ]<>: Marching cubes surface extraction took 3ms (Region size = 33x33x33)
[16:27:54][trace  ]<>: Marching cubes surface extraction took 2ms (Region size = 33x33x33)
[16:27:54][trace  ]<>: Marching cubes surface extraction took 2ms (Region size = 33x33x33)
[16:27:54][trace  ]<>: Marching cubes surface extraction took 3ms (Region size = 33x33x33)
[16:27:54][trace  ]<>: Marching cubes surface extraction took 3ms (Region size = 33x33x33)
[16:27:54][trace  ]<>: Marching cubes surface extraction took 3ms (Region size = 33x33x33)
[16:27:54][trace  ]<>: Marching cubes surface extraction took 5ms (Region size = 33x33x33)
[16:27:54][trace  ]<>: Marching cubes surface extraction took 5ms (Region size = 33x33x33)
[16:27:54][trace  ]<>: Marching cubes surface extraction took 5ms (Region size = 33x33x33)
[16:27:54][trace  ]<>: Marching cubes surface extraction took 5ms (Region size = 33x33x33)
[16:27:54][trace  ]<>: Marching cubes surface extraction took 2ms (Region size = 33x33x33)
[16:27:54][trace  ]<>: Marching cubes surface extraction took 2ms (Region size = 33x33x33)
[16:27:54][trace  ]<>: Marching cubes surface extraction took 2ms (Region size = 33x33x33)
[16:27:54][trace  ]<>: Marching cubes surface extraction took 5ms (Region size = 33x33x33)
[16:27:54][trace  ]<>: Marching cubes surface extraction took 5ms (Region size = 33x33x33)
[16:27:54][trace  ]<>: Marching cubes surface extraction took 5ms (Region size = 33x33x33)
[16:27:54][trace  ]<>: Marching cubes surface extraction took 5ms (Region size = 33x33x33)
[16:27:54][trace  ]<>: Marching cubes surface extraction took 2ms (Region size = 33x33x33)
[16:27:54][trace  ]<>: Marching cubes surface extraction took 2ms (Region size = 33x33x33)
[16:27:54][trace  ]<>: Marching cubes surface extraction took 2ms (Region size = 33x33x33)
[16:27:54][trace  ]<>: Marching cubes surface extraction took 2ms (Region size = 33x33x33)
[16:27:54][trace  ]<>: Marching cubes surface extraction took 2ms (Region size = 33x33x33)
[16:27:59][error  ]<>: Volume handle'0' is outside volume array bounds
[16:27:59][trace  ]<>: Marching cubes surface extraction took 6ms (Region size = 33x33x33)
[16:27:59][trace  ]<>: Marching cubes surface extraction took 5ms (Region size = 33x33x33)
[16:27:59][trace  ]<>: Marching cubes surface extraction took 5ms (Region size = 33x33x33)
[16:27:59][trace  ]<>: Marching cubes surface extraction took 5ms (Region size = 33x33x33)
[16:27:59][trace  ]<>: Marching cubes surface extraction took 5ms (Region size = 33x33x33)
[16:27:59][trace  ]<>: Marching cubes surface extraction took 6ms (Region size = 33x33x33)
[16:27:59][trace  ]<>: Marching cubes surface extraction took 5ms (Region size = 33x33x33)
[16:27:59][trace  ]<>: Marching cubes surface extraction took 5ms (Region size = 33x33x33)
[16:28:00][trace  ]<>: Marching cubes surface extraction took 8ms (Region size = 33x33x33)
[16:28:00][trace  ]<>: Marching cubes surface extraction took 6ms (Region size = 33x33x33)
[16:28:00][trace  ]<>: Marching cubes surface extraction took 5ms (Region size = 33x33x33)
[16:28:00][trace  ]<>: Marching cubes surface extraction took 6ms (Region size = 33x33x33)
[16:28:00][trace  ]<>: Marching cubes surface extraction took 6ms (Region size = 33x33x33)
[16:28:00][trace  ]<>: Marching cubes surface extraction took 5ms (Region size = 33x33x33)
[16:28:00][trace  ]<>: Marching cubes surface extraction took 5ms (Region size = 33x33x33)
[16:28:00][trace  ]<>: Marching cubes surface extraction took 6ms (Region size = 33x33x33)
[16:28:00][trace  ]<>: Marching cubes surface extraction took 6ms (Region size = 33x33x33)
[16:28:00][trace  ]<>: Marching cubes surface extraction took 6ms (Region size = 33x33x33)
[16:28:00][trace  ]<>: Marching cubes surface extraction took 5ms (Region size = 33x33x33)
[16:28:00][trace  ]<>: Marching cubes surface extraction took 6ms (Region size = 33x33x33)
