[21:28:51][info   ]<>: Creating VoxelDatabase from 'C:/Users/gabe2_000/Dropbox/unity/exploratorum/Assets/StreamingAssets\781997EF.vdb'
[21:28:51][info   ]<>: Successfully opened'C:/Users/gabe2_000/Dropbox/unity/exploratorum/Assets/StreamingAssets\781997EF.vdb'
[21:28:51][debug  ]<>: The maximum number of uncompresed blocks has been set to 64, which is 16777216 bytes
[21:28:51][trace  ]<>: Creatd new smooth volume in slot 0
[21:28:51][trace  ]<>: Paged block in in 0ms
[21:28:51][trace  ]<>: Marching cubes surface extraction took 3ms (Region size = 33x33x33)
[21:28:51][trace  ]<>: Paged block in in 0ms
[21:28:51][trace  ]<>: Marching cubes surface extraction took 4ms (Region size = 33x33x33)
[21:28:51][trace  ]<>: Paged block in in 0ms
[21:28:51][trace  ]<>: Marching cubes surface extraction took 3ms (Region size = 33x33x33)
[21:28:51][trace  ]<>: Paged block in in 0ms
[21:28:51][trace  ]<>: Marching cubes surface extraction took 4ms (Region size = 33x33x33)
[21:28:51][trace  ]<>: Paged block in in 0ms
[21:28:51][trace  ]<>: Marching cubes surface extraction took 4ms (Region size = 33x33x33)
[21:28:51][trace  ]<>: Paged block in in 0ms
[21:28:51][trace  ]<>: Marching cubes surface extraction took 6ms (Region size = 33x33x33)
[21:28:51][trace  ]<>: Paged block in in 0ms
[21:28:51][trace  ]<>: Marching cubes surface extraction took 6ms (Region size = 33x33x33)
[21:28:51][trace  ]<>: Paged block in in 0ms
[21:28:51][trace  ]<>: Marching cubes surface extraction took 6ms (Region size = 33x33x33)
[21:28:51][trace  ]<>: Paged block in in 0ms
[21:28:51][trace  ]<>: Marching cubes surface extraction took 6ms (Region size = 33x33x33)
[21:28:51][trace  ]<>: Paged block in in 0ms
[21:28:51][trace  ]<>: Marching cubes surface extraction took 3ms (Region size = 33x33x33)
[21:28:51][trace  ]<>: Marching cubes surface extraction took 2ms (Region size = 33x33x33)
[21:28:51][trace  ]<>: Marching cubes surface extraction took 2ms (Region size = 33x33x33)
[21:28:51][trace  ]<>: Paged block in in 0ms
[21:28:51][trace  ]<>: Marching cubes surface extraction took 6ms (Region size = 33x33x33)
[21:28:51][trace  ]<>: Marching cubes surface extraction took 5ms (Region size = 33x33x33)
[21:28:51][trace  ]<>: Paged block in in 0ms
[21:28:51][trace  ]<>: Marching cubes surface extraction took 6ms (Region size = 33x33x33)
[21:28:51][trace  ]<>: Marching cubes surface extraction took 5ms (Region size = 33x33x33)
[21:28:51][trace  ]<>: Marching cubes surface extraction took 2ms (Region size = 33x33x33)
[21:28:51][trace  ]<>: Marching cubes surface extraction took 2ms (Region size = 33x33x33)
[21:28:51][trace  ]<>: Marching cubes surface extraction took 2ms (Region size = 33x33x33)
[21:28:51][trace  ]<>: Marching cubes surface extraction took 2ms (Region size = 33x33x33)
[21:28:51][trace  ]<>: Marching cubes surface extraction took 2ms (Region size = 33x33x33)
[21:28:51][trace  ]<>: Marching cubes surface extraction took 3ms (Region size = 33x33x33)
[21:28:51][trace  ]<>: Marching cubes surface extraction took 4ms (Region size = 33x33x33)
[21:28:51][trace  ]<>: Marching cubes surface extraction took 5ms (Region size = 33x33x33)
[21:28:51][trace  ]<>: Marching cubes surface extraction took 5ms (Region size = 33x33x33)
[21:28:51][trace  ]<>: Marching cubes surface extraction took 5ms (Region size = 33x33x33)
[21:28:51][trace  ]<>: Marching cubes surface extraction took 5ms (Region size = 33x33x33)
[21:28:51][trace  ]<>: Marching cubes surface extraction took 2ms (Region size = 33x33x33)
[21:28:51][trace  ]<>: Marching cubes surface extraction took 2ms (Region size = 33x33x33)
[21:28:51][trace  ]<>: Marching cubes surface extraction took 2ms (Region size = 33x33x33)
[21:28:51][trace  ]<>: Marching cubes surface extraction took 5ms (Region size = 33x33x33)
[21:28:51][trace  ]<>: Marching cubes surface extraction took 5ms (Region size = 33x33x33)
[21:28:51][trace  ]<>: Marching cubes surface extraction took 5ms (Region size = 33x33x33)
[21:28:52][trace  ]<>: Marching cubes surface extraction took 5ms (Region size = 33x33x33)
[21:28:52][trace  ]<>: Marching cubes surface extraction took 2ms (Region size = 33x33x33)
[21:28:52][trace  ]<>: Marching cubes surface extraction took 2ms (Region size = 33x33x33)
[21:28:52][trace  ]<>: Paged block in in 0ms
[21:28:52][trace  ]<>: Marching cubes surface extraction took 4ms (Region size = 33x33x33)
[21:28:52][trace  ]<>: Marching cubes surface extraction took 3ms (Region size = 33x33x33)
[21:28:52][trace  ]<>: Paged block in in 0ms
[21:28:52][trace  ]<>: Marching cubes surface extraction took 6ms (Region size = 33x33x33)
[21:28:52][trace  ]<>: Paged block in in 0ms
[21:28:52][trace  ]<>: Marching cubes surface extraction took 7ms (Region size = 33x33x33)
[21:28:52][trace  ]<>: Marching cubes surface extraction took 7ms (Region size = 33x33x33)
[21:28:52][trace  ]<>: Marching cubes surface extraction took 5ms (Region size = 33x33x33)
[21:28:52][trace  ]<>: Marching cubes surface extraction took 2ms (Region size = 33x33x33)
[21:28:52][trace  ]<>: Marching cubes surface extraction took 2ms (Region size = 33x33x33)
[21:28:52][trace  ]<>: Marching cubes surface extraction took 2ms (Region size = 33x33x33)
[21:28:52][trace  ]<>: Paged block in in 0ms
[21:28:52][trace  ]<>: Marching cubes surface extraction took 6ms (Region size = 33x33x33)
[21:28:52][trace  ]<>: Marching cubes surface extraction took 5ms (Region size = 33x33x33)
[21:28:52][trace  ]<>: Marching cubes surface extraction took 7ms (Region size = 33x33x33)
[21:28:52][trace  ]<>: Marching cubes surface extraction took 7ms (Region size = 33x33x33)
[21:28:52][trace  ]<>: Marching cubes surface extraction took 2ms (Region size = 33x33x33)
[21:28:52][trace  ]<>: Marching cubes surface extraction took 2ms (Region size = 33x33x33)
[21:28:52][trace  ]<>: Marching cubes surface extraction took 2ms (Region size = 33x33x33)
[21:28:52][trace  ]<>: Marching cubes surface extraction took 2ms (Region size = 33x33x33)
[21:28:52][trace  ]<>: Marching cubes surface extraction took 2ms (Region size = 33x33x33)
[21:28:52][trace  ]<>: Marching cubes surface extraction took 3ms (Region size = 33x33x33)
[21:28:52][trace  ]<>: Marching cubes surface extraction took 3ms (Region size = 33x33x33)
[21:28:52][trace  ]<>: Marching cubes surface extraction took 5ms (Region size = 33x33x33)
[21:28:52][trace  ]<>: Marching cubes surface extraction took 5ms (Region size = 33x33x33)
[21:28:52][trace  ]<>: Marching cubes surface extraction took 8ms (Region size = 33x33x33)
[21:28:52][trace  ]<>: Marching cubes surface extraction took 5ms (Region size = 33x33x33)
[21:28:52][trace  ]<>: Marching cubes surface extraction took 3ms (Region size = 33x33x33)
[21:28:52][trace  ]<>: Marching cubes surface extraction took 4ms (Region size = 33x33x33)
[21:28:52][trace  ]<>: Marching cubes surface extraction took 3ms (Region size = 33x33x33)
[21:28:52][trace  ]<>: Marching cubes surface extraction took 6ms (Region size = 33x33x33)
[21:28:52][trace  ]<>: Marching cubes surface extraction took 5ms (Region size = 33x33x33)
[21:28:52][trace  ]<>: Marching cubes surface extraction took 5ms (Region size = 33x33x33)
[21:28:52][trace  ]<>: Marching cubes surface extraction took 5ms (Region size = 33x33x33)
[21:28:52][trace  ]<>: Marching cubes surface extraction took 2ms (Region size = 33x33x33)
[21:28:52][trace  ]<>: Marching cubes surface extraction took 2ms (Region size = 33x33x33)
[21:28:52][trace  ]<>: Marching cubes surface extraction took 2ms (Region size = 33x33x33)
[21:28:52][trace  ]<>: Marching cubes surface extraction took 2ms (Region size = 33x33x33)
[21:28:52][trace  ]<>: Marching cubes surface extraction took 2ms (Region size = 33x33x33)
[21:29:10][error  ]<>: Volume handle'0' is outside volume array bounds
[21:29:10][trace  ]<>: Marching cubes surface extraction took 5ms (Region size = 33x33x33)
[21:29:10][trace  ]<>: Marching cubes surface extraction took 5ms (Region size = 33x33x33)
[21:29:42][trace  ]<>: Marching cubes surface extraction took 5ms (Region size = 33x33x33)
[21:29:42][trace  ]<>: Marching cubes surface extraction took 5ms (Region size = 33x33x33)
[21:29:43][trace  ]<>: Marching cubes surface extraction took 5ms (Region size = 33x33x33)
[21:29:43][trace  ]<>: Marching cubes surface extraction took 5ms (Region size = 33x33x33)
[21:29:44][trace  ]<>: Marching cubes surface extraction took 6ms (Region size = 33x33x33)
[21:29:44][trace  ]<>: Marching cubes surface extraction took 5ms (Region size = 33x33x33)
[21:29:44][trace  ]<>: Marching cubes surface extraction took 6ms (Region size = 33x33x33)
[21:29:44][trace  ]<>: Marching cubes surface extraction took 5ms (Region size = 33x33x33)
[21:29:44][trace  ]<>: Marching cubes surface extraction took 5ms (Region size = 33x33x33)
[21:29:44][trace  ]<>: Marching cubes surface extraction took 5ms (Region size = 33x33x33)
[21:29:45][trace  ]<>: Marching cubes surface extraction took 5ms (Region size = 33x33x33)
[21:29:45][trace  ]<>: Marching cubes surface extraction took 5ms (Region size = 33x33x33)
[21:29:45][trace  ]<>: Marching cubes surface extraction took 5ms (Region size = 33x33x33)
[21:29:45][trace  ]<>: Marching cubes surface extraction took 5ms (Region size = 33x33x33)
[21:29:46][trace  ]<>: Marching cubes surface extraction took 5ms (Region size = 33x33x33)
[21:29:46][trace  ]<>: Marching cubes surface extraction took 5ms (Region size = 33x33x33)
[21:29:46][trace  ]<>: Marching cubes surface extraction took 5ms (Region size = 33x33x33)
[21:29:46][trace  ]<>: Marching cubes surface extraction took 5ms (Region size = 33x33x33)
[21:29:46][trace  ]<>: Marching cubes surface extraction took 5ms (Region size = 33x33x33)
[21:29:46][trace  ]<>: Marching cubes surface extraction took 5ms (Region size = 33x33x33)
[21:29:46][trace  ]<>: Marching cubes surface extraction took 5ms (Region size = 33x33x33)
[21:29:46][trace  ]<>: Marching cubes surface extraction took 5ms (Region size = 33x33x33)
[21:29:46][trace  ]<>: Marching cubes surface extraction took 5ms (Region size = 33x33x33)
[21:29:46][trace  ]<>: Marching cubes surface extraction took 6ms (Region size = 33x33x33)
[21:29:46][trace  ]<>: Marching cubes surface extraction took 5ms (Region size = 33x33x33)
[21:29:46][trace  ]<>: Marching cubes surface extraction took 5ms (Region size = 33x33x33)
[21:29:47][trace  ]<>: Marching cubes surface extraction took 5ms (Region size = 33x33x33)
[21:29:47][trace  ]<>: Marching cubes surface extraction took 5ms (Region size = 33x33x33)
[21:29:47][trace  ]<>: Marching cubes surface extraction took 5ms (Region size = 33x33x33)
[21:29:47][trace  ]<>: Marching cubes surface extraction took 5ms (Region size = 33x33x33)
[21:29:49][trace  ]<>: Marching cubes surface extraction took 5ms (Region size = 33x33x33)
[21:29:49][trace  ]<>: Marching cubes surface extraction took 5ms (Region size = 33x33x33)
[21:29:50][trace  ]<>: Marching cubes surface extraction took 5ms (Region size = 33x33x33)
[21:29:50][trace  ]<>: Marching cubes surface extraction took 5ms (Region size = 33x33x33)
[21:29:50][trace  ]<>: Marching cubes surface extraction took 5ms (Region size = 33x33x33)
[21:29:50][trace  ]<>: Marching cubes surface extraction took 5ms (Region size = 33x33x33)
[21:29:51][trace  ]<>: Marching cubes surface extraction took 5ms (Region size = 33x33x33)
[21:29:51][trace  ]<>: Marching cubes surface extraction took 5ms (Region size = 33x33x33)
[21:29:51][trace  ]<>: Marching cubes surface extraction took 5ms (Region size = 33x33x33)
[21:29:51][trace  ]<>: Marching cubes surface extraction took 5ms (Region size = 33x33x33)
[21:29:51][trace  ]<>: Marching cubes surface extraction took 5ms (Region size = 33x33x33)
[21:29:51][trace  ]<>: Marching cubes surface extraction took 5ms (Region size = 33x33x33)
[21:29:51][trace  ]<>: Marching cubes surface extraction took 5ms (Region size = 33x33x33)
[21:29:51][trace  ]<>: Marching cubes surface extraction took 5ms (Region size = 33x33x33)
[21:29:51][trace  ]<>: Marching cubes surface extraction took 5ms (Region size = 33x33x33)
[21:29:51][trace  ]<>: Marching cubes surface extraction took 5ms (Region size = 33x33x33)
[21:29:52][trace  ]<>: Marching cubes surface extraction took 5ms (Region size = 33x33x33)
[21:29:52][trace  ]<>: Marching cubes surface extraction took 5ms (Region size = 33x33x33)
[21:29:52][trace  ]<>: Marching cubes surface extraction took 5ms (Region size = 33x33x33)
[21:29:52][trace  ]<>: Marching cubes surface extraction took 5ms (Region size = 33x33x33)
[21:29:52][trace  ]<>: Marching cubes surface extraction took 5ms (Region size = 33x33x33)
[21:29:52][trace  ]<>: Marching cubes surface extraction took 5ms (Region size = 33x33x33)
[21:29:52][trace  ]<>: Marching cubes surface extraction took 5ms (Region size = 33x33x33)
[21:29:52][trace  ]<>: Marching cubes surface extraction took 5ms (Region size = 33x33x33)
[21:29:52][trace  ]<>: Marching cubes surface extraction took 5ms (Region size = 33x33x33)
[21:29:52][trace  ]<>: Marching cubes surface extraction took 5ms (Region size = 33x33x33)
[21:29:52][trace  ]<>: Marching cubes surface extraction took 5ms (Region size = 33x33x33)
[21:29:52][trace  ]<>: Marching cubes surface extraction took 5ms (Region size = 33x33x33)
[21:29:53][trace  ]<>: Marching cubes surface extraction took 5ms (Region size = 33x33x33)
[21:29:53][trace  ]<>: Marching cubes surface extraction took 7ms (Region size = 33x33x33)
[21:29:53][trace  ]<>: Marching cubes surface extraction took 5ms (Region size = 33x33x33)
[21:29:53][trace  ]<>: Marching cubes surface extraction took 8ms (Region size = 33x33x33)
[21:29:53][trace  ]<>: Marching cubes surface extraction took 6ms (Region size = 33x33x33)
[21:29:53][trace  ]<>: Marching cubes surface extraction took 5ms (Region size = 33x33x33)
[21:29:53][trace  ]<>: Marching cubes surface extraction took 5ms (Region size = 33x33x33)
[21:29:54][trace  ]<>: Marching cubes surface extraction took 5ms (Region size = 33x33x33)
[21:29:54][trace  ]<>: Marching cubes surface extraction took 6ms (Region size = 33x33x33)
[21:29:54][trace  ]<>: Marching cubes surface extraction took 5ms (Region size = 33x33x33)
[21:29:54][trace  ]<>: Marching cubes surface extraction took 5ms (Region size = 33x33x33)
[21:29:54][trace  ]<>: Marching cubes surface extraction took 6ms (Region size = 33x33x33)
[21:29:54][trace  ]<>: Marching cubes surface extraction took 5ms (Region size = 33x33x33)
[21:29:54][trace  ]<>: Marching cubes surface extraction took 5ms (Region size = 33x33x33)
[21:29:54][trace  ]<>: Marching cubes surface extraction took 5ms (Region size = 33x33x33)
[21:29:54][trace  ]<>: Marching cubes surface extraction took 5ms (Region size = 33x33x33)
[21:29:55][trace  ]<>: Marching cubes surface extraction took 5ms (Region size = 33x33x33)
[21:29:55][trace  ]<>: Marching cubes surface extraction took 5ms (Region size = 33x33x33)
[21:29:55][trace  ]<>: Marching cubes surface extraction took 5ms (Region size = 33x33x33)
[21:29:55][trace  ]<>: Marching cubes surface extraction took 5ms (Region size = 33x33x33)
[21:29:56][trace  ]<>: Marching cubes surface extraction took 5ms (Region size = 33x33x33)
[21:29:56][trace  ]<>: Marching cubes surface extraction took 5ms (Region size = 33x33x33)
[21:29:56][trace  ]<>: Marching cubes surface extraction took 5ms (Region size = 33x33x33)
[21:29:56][trace  ]<>: Marching cubes surface extraction took 5ms (Region size = 33x33x33)
[21:29:56][trace  ]<>: Marching cubes surface extraction took 5ms (Region size = 33x33x33)
[21:29:56][trace  ]<>: Marching cubes surface extraction took 5ms (Region size = 33x33x33)
[21:29:56][trace  ]<>: Marching cubes surface extraction took 5ms (Region size = 33x33x33)
[21:29:56][trace  ]<>: Marching cubes surface extraction took 5ms (Region size = 33x33x33)
[21:29:56][trace  ]<>: Marching cubes surface extraction took 5ms (Region size = 33x33x33)
[21:29:56][trace  ]<>: Marching cubes surface extraction took 5ms (Region size = 33x33x33)
[21:29:56][trace  ]<>: Marching cubes surface extraction took 5ms (Region size = 33x33x33)
[21:29:56][trace  ]<>: Marching cubes surface extraction took 5ms (Region size = 33x33x33)
[21:29:57][trace  ]<>: Marching cubes surface extraction took 5ms (Region size = 33x33x33)
[21:29:57][trace  ]<>: Marching cubes surface extraction took 5ms (Region size = 33x33x33)
[21:29:57][trace  ]<>: Marching cubes surface extraction took 5ms (Region size = 33x33x33)
[21:29:57][trace  ]<>: Marching cubes surface extraction took 5ms (Region size = 33x33x33)
[21:29:57][trace  ]<>: Marching cubes surface extraction took 5ms (Region size = 33x33x33)
[21:29:57][trace  ]<>: Marching cubes surface extraction took 5ms (Region size = 33x33x33)
[21:29:57][trace  ]<>: Marching cubes surface extraction took 5ms (Region size = 33x33x33)
[21:29:57][trace  ]<>: Marching cubes surface extraction took 5ms (Region size = 33x33x33)
[21:29:58][trace  ]<>: Marching cubes surface extraction took 5ms (Region size = 33x33x33)
[21:29:58][trace  ]<>: Marching cubes surface extraction took 5ms (Region size = 33x33x33)
[21:29:58][trace  ]<>: Marching cubes surface extraction took 5ms (Region size = 33x33x33)
[21:29:58][trace  ]<>: Marching cubes surface extraction took 5ms (Region size = 33x33x33)
[21:29:58][trace  ]<>: Marching cubes surface extraction took 6ms (Region size = 33x33x33)
[21:29:58][trace  ]<>: Marching cubes surface extraction took 5ms (Region size = 33x33x33)
[21:29:58][trace  ]<>: Marching cubes surface extraction took 5ms (Region size = 33x33x33)
[21:29:58][trace  ]<>: Marching cubes surface extraction took 5ms (Region size = 33x33x33)
[21:29:58][trace  ]<>: Marching cubes surface extraction took 2ms (Region size = 33x33x33)
[21:29:58][trace  ]<>: Marching cubes surface extraction took 2ms (Region size = 33x33x33)
[21:30:00][trace  ]<>: Marching cubes surface extraction took 5ms (Region size = 33x33x33)
[21:30:00][trace  ]<>: Marching cubes surface extraction took 5ms (Region size = 33x33x33)
[21:30:01][trace  ]<>: Marching cubes surface extraction took 5ms (Region size = 33x33x33)
[21:30:01][trace  ]<>: Marching cubes surface extraction took 6ms (Region size = 33x33x33)
[21:30:01][trace  ]<>: Marching cubes surface extraction took 5ms (Region size = 33x33x33)
[21:30:01][trace  ]<>: Marching cubes surface extraction took 5ms (Region size = 33x33x33)
[21:30:02][trace  ]<>: Marching cubes surface extraction took 5ms (Region size = 33x33x33)
[21:30:02][trace  ]<>: Marching cubes surface extraction took 5ms (Region size = 33x33x33)
[21:30:03][trace  ]<>: Marching cubes surface extraction took 5ms (Region size = 33x33x33)
[21:30:03][trace  ]<>: Marching cubes surface extraction took 5ms (Region size = 33x33x33)
[21:30:03][trace  ]<>: Marching cubes surface extraction took 6ms (Region size = 33x33x33)
[21:30:04][trace  ]<>: Marching cubes surface extraction took 5ms (Region size = 33x33x33)
[21:30:04][trace  ]<>: Marching cubes surface extraction took 6ms (Region size = 33x33x33)
[21:30:04][trace  ]<>: Marching cubes surface extraction took 6ms (Region size = 33x33x33)
[21:30:05][trace  ]<>: Marching cubes surface extraction took 6ms (Region size = 33x33x33)
[21:30:05][trace  ]<>: Marching cubes surface extraction took 5ms (Region size = 33x33x33)
[21:30:09][trace  ]<>: Marching cubes surface extraction took 5ms (Region size = 33x33x33)
[21:30:09][trace  ]<>: Marching cubes surface extraction took 5ms (Region size = 33x33x33)
[21:30:10][trace  ]<>: Marching cubes surface extraction took 5ms (Region size = 33x33x33)
[21:30:10][trace  ]<>: Marching cubes surface extraction took 5ms (Region size = 33x33x33)
[21:30:11][trace  ]<>: Marching cubes surface extraction took 5ms (Region size = 33x33x33)
[21:30:12][trace  ]<>: Marching cubes surface extraction took 5ms (Region size = 33x33x33)
[21:30:13][trace  ]<>: Marching cubes surface extraction took 5ms (Region size = 33x33x33)
[21:30:17][trace  ]<>: Marching cubes surface extraction took 5ms (Region size = 33x33x33)
[21:30:20][trace  ]<>: Marching cubes surface extraction took 5ms (Region size = 33x33x33)
[21:30:20][trace  ]<>: Marching cubes surface extraction took 6ms (Region size = 33x33x33)
[21:30:21][trace  ]<>: Marching cubes surface extraction took 7ms (Region size = 33x33x33)
[21:30:21][trace  ]<>: Marching cubes surface extraction took 5ms (Region size = 33x33x33)
[21:30:22][trace  ]<>: Marching cubes surface extraction took 5ms (Region size = 33x33x33)
[21:30:22][trace  ]<>: Marching cubes surface extraction took 6ms (Region size = 33x33x33)
[21:30:22][trace  ]<>: Marching cubes surface extraction took 6ms (Region size = 33x33x33)
[19:33:01][info   ]<>: Creating VoxelDatabase from 'C:/Users/gabe2_000/Dropbox/unity/exploratorum/Assets/StreamingAssets\781997EF.vdb'
[19:33:01][info   ]<>: Successfully opened'C:/Users/gabe2_000/Dropbox/unity/exploratorum/Assets/StreamingAssets\781997EF.vdb'
[19:33:01][debug  ]<>: The maximum number of uncompresed blocks has been set to 64, which is 16777216 bytes
[19:33:01][trace  ]<>: Creatd new smooth volume in slot 0
[19:33:01][trace  ]<>: Paged block in in 0ms
[19:33:01][trace  ]<>: Marching cubes surface extraction took 3ms (Region size = 33x33x33)
[19:33:01][trace  ]<>: Paged block in in 0ms
[19:33:01][trace  ]<>: Marching cubes surface extraction took 3ms (Region size = 33x33x33)
[19:33:01][trace  ]<>: Paged block in in 0ms
[19:33:01][trace  ]<>: Marching cubes surface extraction took 3ms (Region size = 33x33x33)
[19:33:01][trace  ]<>: Paged block in in 0ms
[19:33:01][trace  ]<>: Marching cubes surface extraction took 4ms (Region size = 33x33x33)
[19:33:01][trace  ]<>: Paged block in in 0ms
[19:33:01][trace  ]<>: Marching cubes surface extraction took 4ms (Region size = 33x33x33)
[19:33:01][trace  ]<>: Paged block in in 0ms
[19:33:01][trace  ]<>: Marching cubes surface extraction took 6ms (Region size = 33x33x33)
[19:33:01][trace  ]<>: Paged block in in 0ms
[19:33:01][trace  ]<>: Marching cubes surface extraction took 6ms (Region size = 33x33x33)
[19:33:01][trace  ]<>: Paged block in in 0ms
[19:33:01][trace  ]<>: Marching cubes surface extraction took 6ms (Region size = 33x33x33)
[19:33:01][trace  ]<>: Paged block in in 0ms
[19:33:01][trace  ]<>: Marching cubes surface extraction took 6ms (Region size = 33x33x33)
[19:33:01][trace  ]<>: Paged block in in 0ms
[19:33:01][trace  ]<>: Marching cubes surface extraction took 3ms (Region size = 33x33x33)
[19:33:01][trace  ]<>: Marching cubes surface extraction took 2ms (Region size = 33x33x33)
[19:33:01][trace  ]<>: Marching cubes surface extraction took 2ms (Region size = 33x33x33)
[19:33:01][trace  ]<>: Paged block in in 0ms
[19:33:01][trace  ]<>: Marching cubes surface extraction took 5ms (Region size = 33x33x33)
[19:33:01][trace  ]<>: Marching cubes surface extraction took 5ms (Region size = 33x33x33)
[19:33:01][trace  ]<>: Paged block in in 0ms
[19:33:01][trace  ]<>: Marching cubes surface extraction took 7ms (Region size = 33x33x33)
[19:33:01][trace  ]<>: Marching cubes surface extraction took 6ms (Region size = 33x33x33)
[19:33:01][trace  ]<>: Marching cubes surface extraction took 2ms (Region size = 33x33x33)
[19:33:01][trace  ]<>: Marching cubes surface extraction took 2ms (Region size = 33x33x33)
[19:33:01][trace  ]<>: Marching cubes surface extraction took 2ms (Region size = 33x33x33)
[19:33:01][trace  ]<>: Marching cubes surface extraction took 2ms (Region size = 33x33x33)
[19:33:01][trace  ]<>: Marching cubes surface extraction took 3ms (Region size = 33x33x33)
[19:33:01][trace  ]<>: Marching cubes surface extraction took 3ms (Region size = 33x33x33)
[19:33:01][trace  ]<>: Marching cubes surface extraction took 3ms (Region size = 33x33x33)
[19:33:01][trace  ]<>: Marching cubes surface extraction took 5ms (Region size = 33x33x33)
[19:33:02][trace  ]<>: Marching cubes surface extraction took 5ms (Region size = 33x33x33)
[19:33:02][trace  ]<>: Marching cubes surface extraction took 5ms (Region size = 33x33x33)
[19:33:02][trace  ]<>: Marching cubes surface extraction took 5ms (Region size = 33x33x33)
[19:33:02][trace  ]<>: Marching cubes surface extraction took 2ms (Region size = 33x33x33)
[19:33:02][trace  ]<>: Marching cubes surface extraction took 2ms (Region size = 33x33x33)
[19:33:02][trace  ]<>: Marching cubes surface extraction took 2ms (Region size = 33x33x33)
[19:33:02][trace  ]<>: Marching cubes surface extraction took 5ms (Region size = 33x33x33)
[19:33:02][trace  ]<>: Marching cubes surface extraction took 5ms (Region size = 33x33x33)
[19:33:02][trace  ]<>: Marching cubes surface extraction took 5ms (Region size = 33x33x33)
[19:33:02][trace  ]<>: Marching cubes surface extraction took 5ms (Region size = 33x33x33)
[19:33:02][trace  ]<>: Marching cubes surface extraction took 2ms (Region size = 33x33x33)
[19:33:02][trace  ]<>: Marching cubes surface extraction took 2ms (Region size = 33x33x33)
[19:33:02][trace  ]<>: Paged block in in 0ms
[19:33:02][trace  ]<>: Marching cubes surface extraction took 4ms (Region size = 33x33x33)
[19:33:02][trace  ]<>: Marching cubes surface extraction took 3ms (Region size = 33x33x33)
[19:33:02][trace  ]<>: Paged block in in 0ms
[19:33:02][trace  ]<>: Marching cubes surface extraction took 6ms (Region size = 33x33x33)
[19:33:02][trace  ]<>: Paged block in in 0ms
[19:33:02][trace  ]<>: Marching cubes surface extraction took 6ms (Region size = 33x33x33)
[19:33:02][trace  ]<>: Marching cubes surface extraction took 5ms (Region size = 33x33x33)
[19:33:02][trace  ]<>: Marching cubes surface extraction took 5ms (Region size = 33x33x33)
[19:33:02][trace  ]<>: Marching cubes surface extraction took 2ms (Region size = 33x33x33)
[19:33:02][trace  ]<>: Marching cubes surface extraction took 2ms (Region size = 33x33x33)
[19:33:02][trace  ]<>: Marching cubes surface extraction took 2ms (Region size = 33x33x33)
[19:33:02][trace  ]<>: Paged block in in 0ms
[19:33:02][trace  ]<>: Marching cubes surface extraction took 6ms (Region size = 33x33x33)
[19:33:02][trace  ]<>: Marching cubes surface extraction took 6ms (Region size = 33x33x33)
[19:33:02][trace  ]<>: Marching cubes surface extraction took 5ms (Region size = 33x33x33)
[19:33:02][trace  ]<>: Marching cubes surface extraction took 5ms (Region size = 33x33x33)
[19:33:02][trace  ]<>: Marching cubes surface extraction took 2ms (Region size = 33x33x33)
[19:33:02][trace  ]<>: Marching cubes surface extraction took 2ms (Region size = 33x33x33)
[19:33:02][trace  ]<>: Marching cubes surface extraction took 2ms (Region size = 33x33x33)
[19:33:02][trace  ]<>: Marching cubes surface extraction took 2ms (Region size = 33x33x33)
[19:33:02][trace  ]<>: Marching cubes surface extraction took 2ms (Region size = 33x33x33)
[19:33:02][trace  ]<>: Marching cubes surface extraction took 3ms (Region size = 33x33x33)
[19:33:02][trace  ]<>: Marching cubes surface extraction took 3ms (Region size = 33x33x33)
[19:33:02][trace  ]<>: Marching cubes surface extraction took 5ms (Region size = 33x33x33)
[19:33:02][trace  ]<>: Marching cubes surface extraction took 5ms (Region size = 33x33x33)
[19:33:02][trace  ]<>: Marching cubes surface extraction took 5ms (Region size = 33x33x33)
[19:33:02][trace  ]<>: Marching cubes surface extraction took 5ms (Region size = 33x33x33)
[19:33:02][trace  ]<>: Marching cubes surface extraction took 2ms (Region size = 33x33x33)
[19:33:02][trace  ]<>: Marching cubes surface extraction took 2ms (Region size = 33x33x33)
[19:33:02][trace  ]<>: Marching cubes surface extraction took 2ms (Region size = 33x33x33)
[19:33:02][trace  ]<>: Marching cubes surface extraction took 5ms (Region size = 33x33x33)
[19:33:02][trace  ]<>: Marching cubes surface extraction took 5ms (Region size = 33x33x33)
[19:33:02][trace  ]<>: Marching cubes surface extraction took 5ms (Region size = 33x33x33)
[19:33:02][trace  ]<>: Marching cubes surface extraction took 5ms (Region size = 33x33x33)
[19:33:02][trace  ]<>: Marching cubes surface extraction took 2ms (Region size = 33x33x33)
[19:33:02][trace  ]<>: Marching cubes surface extraction took 2ms (Region size = 33x33x33)
[19:33:02][trace  ]<>: Marching cubes surface extraction took 2ms (Region size = 33x33x33)
[19:33:02][trace  ]<>: Marching cubes surface extraction took 2ms (Region size = 33x33x33)
[19:33:02][trace  ]<>: Marching cubes surface extraction took 2ms (Region size = 33x33x33)
[19:33:18][info   ]<>: Creating VoxelDatabase from 'C:/Users/gabe2_000/Dropbox/unity/exploratorum/Assets/StreamingAssets\781997EF.vdb'
[19:33:18][info   ]<>: Successfully opened'C:/Users/gabe2_000/Dropbox/unity/exploratorum/Assets/StreamingAssets\781997EF.vdb'
[19:33:18][debug  ]<>: The maximum number of uncompresed blocks has been set to 64, which is 16777216 bytes
[19:33:18][trace  ]<>: Creatd new smooth volume in slot 0
[19:33:18][trace  ]<>: Paged block in in 0ms
[19:33:18][trace  ]<>: Marching cubes surface extraction took 3ms (Region size = 33x33x33)
[19:33:18][trace  ]<>: Paged block in in 0ms
[19:33:18][trace  ]<>: Marching cubes surface extraction took 4ms (Region size = 33x33x33)
[19:33:18][trace  ]<>: Paged block in in 0ms
[19:33:18][trace  ]<>: Marching cubes surface extraction took 4ms (Region size = 33x33x33)
[19:33:18][trace  ]<>: Paged block in in 0ms
[19:33:18][trace  ]<>: Marching cubes surface extraction took 6ms (Region size = 33x33x33)
[19:33:18][trace  ]<>: Paged block in in 0ms
[19:33:18][trace  ]<>: Marching cubes surface extraction took 6ms (Region size = 33x33x33)
[19:33:18][trace  ]<>: Paged block in in 0ms
[19:33:18][trace  ]<>: Marching cubes surface extraction took 6ms (Region size = 33x33x33)
[19:33:18][trace  ]<>: Paged block in in 0ms
[19:33:18][trace  ]<>: Marching cubes surface extraction took 7ms (Region size = 33x33x33)
[19:33:18][trace  ]<>: Paged block in in 0ms
[19:33:18][trace  ]<>: Marching cubes surface extraction took 6ms (Region size = 33x33x33)
[19:33:18][trace  ]<>: Paged block in in 0ms
[19:33:18][trace  ]<>: Marching cubes surface extraction took 7ms (Region size = 33x33x33)
[19:33:18][trace  ]<>: Paged block in in 0ms
[19:33:18][trace  ]<>: Marching cubes surface extraction took 4ms (Region size = 33x33x33)
[19:33:18][trace  ]<>: Marching cubes surface extraction took 3ms (Region size = 33x33x33)
[19:33:18][trace  ]<>: Marching cubes surface extraction took 2ms (Region size = 33x33x33)
[19:33:18][trace  ]<>: Paged block in in 0ms
[19:33:18][trace  ]<>: Marching cubes surface extraction took 8ms (Region size = 33x33x33)
[19:33:18][trace  ]<>: Marching cubes surface extraction took 5ms (Region size = 33x33x33)
[19:33:18][trace  ]<>: Paged block in in 0ms
[19:33:18][trace  ]<>: Marching cubes surface extraction took 7ms (Region size = 33x33x33)
[19:33:18][trace  ]<>: Marching cubes surface extraction took 5ms (Region size = 33x33x33)
[19:33:18][trace  ]<>: Marching cubes surface extraction took 2ms (Region size = 33x33x33)
[19:33:18][trace  ]<>: Marching cubes surface extraction took 2ms (Region size = 33x33x33)
[19:33:18][trace  ]<>: Marching cubes surface extraction took 3ms (Region size = 33x33x33)
[19:33:18][trace  ]<>: Marching cubes surface extraction took 7ms (Region size = 33x33x33)
[19:33:18][trace  ]<>: Marching cubes surface extraction took 3ms (Region size = 33x33x33)
[19:33:18][trace  ]<>: Marching cubes surface extraction took 4ms (Region size = 33x33x33)
[19:33:18][trace  ]<>: Marching cubes surface extraction took 6ms (Region size = 33x33x33)
[19:33:18][trace  ]<>: Marching cubes surface extraction took 5ms (Region size = 33x33x33)
[19:33:18][trace  ]<>: Marching cubes surface extraction took 7ms (Region size = 33x33x33)
[19:33:18][trace  ]<>: Marching cubes surface extraction took 6ms (Region size = 33x33x33)
[19:33:18][trace  ]<>: Marching cubes surface extraction took 6ms (Region size = 33x33x33)
[19:33:18][trace  ]<>: Marching cubes surface extraction took 5ms (Region size = 33x33x33)
[19:33:18][trace  ]<>: Marching cubes surface extraction took 4ms (Region size = 33x33x33)
[19:33:18][trace  ]<>: Marching cubes surface extraction took 3ms (Region size = 33x33x33)
[19:33:18][trace  ]<>: Marching cubes surface extraction took 5ms (Region size = 33x33x33)
[19:33:18][trace  ]<>: Marching cubes surface extraction took 5ms (Region size = 33x33x33)
[19:33:18][trace  ]<>: Marching cubes surface extraction took 5ms (Region size = 33x33x33)
[19:33:18][trace  ]<>: Marching cubes surface extraction took 7ms (Region size = 33x33x33)
[19:33:18][trace  ]<>: Marching cubes surface extraction took 3ms (Region size = 33x33x33)
[19:33:18][trace  ]<>: Marching cubes surface extraction took 2ms (Region size = 33x33x33)
[19:33:18][trace  ]<>: Paged block in in 0ms
[19:33:18][trace  ]<>: Marching cubes surface extraction took 4ms (Region size = 33x33x33)
[19:33:18][trace  ]<>: Marching cubes surface extraction took 4ms (Region size = 33x33x33)
[19:33:18][trace  ]<>: Paged block in in 0ms
[19:33:18][trace  ]<>: Marching cubes surface extraction took 6ms (Region size = 33x33x33)
[19:33:18][trace  ]<>: Paged block in in 0ms
[19:33:18][trace  ]<>: Marching cubes surface extraction took 7ms (Region size = 33x33x33)
[19:33:18][trace  ]<>: Marching cubes surface extraction took 6ms (Region size = 33x33x33)
[19:33:18][trace  ]<>: Marching cubes surface extraction took 5ms (Region size = 33x33x33)
[19:33:18][trace  ]<>: Marching cubes surface extraction took 2ms (Region size = 33x33x33)
[19:33:18][trace  ]<>: Marching cubes surface extraction took 2ms (Region size = 33x33x33)
[19:33:18][trace  ]<>: Marching cubes surface extraction took 3ms (Region size = 33x33x33)
[19:33:18][trace  ]<>: Paged block in in 0ms
[19:33:18][trace  ]<>: Marching cubes surface extraction took 8ms (Region size = 33x33x33)
[19:33:18][trace  ]<>: Marching cubes surface extraction took 6ms (Region size = 33x33x33)
[19:33:18][trace  ]<>: Marching cubes surface extraction took 6ms (Region size = 33x33x33)
[19:33:18][trace  ]<>: Marching cubes surface extraction took 6ms (Region size = 33x33x33)
[19:33:18][trace  ]<>: Marching cubes surface extraction took 2ms (Region size = 33x33x33)
[19:33:18][trace  ]<>: Marching cubes surface extraction took 6ms (Region size = 33x33x33)
[19:33:18][trace  ]<>: Marching cubes surface extraction took 2ms (Region size = 33x33x33)
[19:33:18][trace  ]<>: Marching cubes surface extraction took 2ms (Region size = 33x33x33)
[19:33:18][trace  ]<>: Marching cubes surface extraction took 2ms (Region size = 33x33x33)
[19:33:18][trace  ]<>: Marching cubes surface extraction took 4ms (Region size = 33x33x33)
[19:33:18][trace  ]<>: Marching cubes surface extraction took 4ms (Region size = 33x33x33)
[19:33:18][trace  ]<>: Marching cubes surface extraction took 5ms (Region size = 33x33x33)
[19:33:18][trace  ]<>: Marching cubes surface extraction took 6ms (Region size = 33x33x33)
[19:33:18][trace  ]<>: Marching cubes surface extraction took 5ms (Region size = 33x33x33)
[19:33:18][trace  ]<>: Marching cubes surface extraction took 5ms (Region size = 33x33x33)
[19:33:18][trace  ]<>: Marching cubes surface extraction took 2ms (Region size = 33x33x33)
[19:33:18][trace  ]<>: Marching cubes surface extraction took 4ms (Region size = 33x33x33)
[19:33:18][trace  ]<>: Marching cubes surface extraction took 2ms (Region size = 33x33x33)
[19:33:18][trace  ]<>: Marching cubes surface extraction took 5ms (Region size = 33x33x33)
[19:33:18][trace  ]<>: Marching cubes surface extraction took 5ms (Region size = 33x33x33)
[19:33:18][trace  ]<>: Marching cubes surface extraction took 5ms (Region size = 33x33x33)
[19:33:18][trace  ]<>: Marching cubes surface extraction took 5ms (Region size = 33x33x33)
[19:33:18][trace  ]<>: Marching cubes surface extraction took 2ms (Region size = 33x33x33)
[19:33:18][trace  ]<>: Marching cubes surface extraction took 4ms (Region size = 33x33x33)
[19:33:18][trace  ]<>: Marching cubes surface extraction took 3ms (Region size = 33x33x33)
[19:33:18][trace  ]<>: Marching cubes surface extraction took 2ms (Region size = 33x33x33)
[19:33:18][trace  ]<>: Marching cubes surface extraction took 2ms (Region size = 33x33x33)
[17:22:20][info   ]<>: Creating VoxelDatabase from 'C:/Users/gabe2_000/Dropbox/unity/exploratorum/Assets/StreamingAssets\781997EF.vdb'
[17:22:20][info   ]<>: Successfully opened'C:/Users/gabe2_000/Dropbox/unity/exploratorum/Assets/StreamingAssets\781997EF.vdb'
[17:22:20][debug  ]<>: The maximum number of uncompresed blocks has been set to 64, which is 16777216 bytes
[17:22:20][trace  ]<>: Creatd new smooth volume in slot 0
[17:22:20][trace  ]<>: Paged block in in 75ms
[17:22:20][trace  ]<>: Marching cubes surface extraction took 79ms (Region size = 33x33x33)
[17:22:20][trace  ]<>: Paged block in in 0ms
[17:22:20][trace  ]<>: Marching cubes surface extraction took 4ms (Region size = 33x33x33)
[17:22:20][trace  ]<>: Paged block in in 104ms
[17:22:20][trace  ]<>: Marching cubes surface extraction took 108ms (Region size = 33x33x33)
[17:22:20][trace  ]<>: Paged block in in 55ms
[17:22:20][trace  ]<>: Marching cubes surface extraction took 60ms (Region size = 33x33x33)
[17:22:20][trace  ]<>: Paged block in in 1ms
[17:22:20][trace  ]<>: Marching cubes surface extraction took 6ms (Region size = 33x33x33)
[17:22:20][trace  ]<>: Paged block in in 0ms
[17:22:20][trace  ]<>: Marching cubes surface extraction took 6ms (Region size = 33x33x33)
[17:22:20][trace  ]<>: Paged block in in 1ms
[17:22:20][trace  ]<>: Marching cubes surface extraction took 7ms (Region size = 33x33x33)
[17:22:20][trace  ]<>: Paged block in in 0ms
[17:22:20][trace  ]<>: Marching cubes surface extraction took 6ms (Region size = 33x33x33)
[17:22:20][trace  ]<>: Paged block in in 1ms
[17:22:20][trace  ]<>: Marching cubes surface extraction took 8ms (Region size = 33x33x33)
[17:22:20][trace  ]<>: Paged block in in 0ms
[17:22:20][trace  ]<>: Marching cubes surface extraction took 3ms (Region size = 33x33x33)
[17:22:20][trace  ]<>: Marching cubes surface extraction took 3ms (Region size = 33x33x33)
[17:22:20][trace  ]<>: Marching cubes surface extraction took 2ms (Region size = 33x33x33)
[17:22:20][trace  ]<>: Paged block in in 2ms
[17:22:20][trace  ]<>: Marching cubes surface extraction took 8ms (Region size = 33x33x33)
[17:22:20][trace  ]<>: Marching cubes surface extraction took 5ms (Region size = 33x33x33)
[17:22:20][trace  ]<>: Paged block in in 0ms
[17:22:20][trace  ]<>: Marching cubes surface extraction took 7ms (Region size = 33x33x33)
[17:22:20][trace  ]<>: Marching cubes surface extraction took 5ms (Region size = 33x33x33)
[17:22:20][trace  ]<>: Marching cubes surface extraction took 2ms (Region size = 33x33x33)
[17:22:20][trace  ]<>: Marching cubes surface extraction took 2ms (Region size = 33x33x33)
[17:22:20][trace  ]<>: Marching cubes surface extraction took 3ms (Region size = 33x33x33)
[17:22:20][trace  ]<>: Marching cubes surface extraction took 2ms (Region size = 33x33x33)
[17:22:20][trace  ]<>: Marching cubes surface extraction took 2ms (Region size = 33x33x33)
[17:22:20][trace  ]<>: Marching cubes surface extraction took 3ms (Region size = 33x33x33)
[17:22:20][trace  ]<>: Marching cubes surface extraction took 3ms (Region size = 33x33x33)
[17:22:20][trace  ]<>: Marching cubes surface extraction took 5ms (Region size = 33x33x33)
[17:22:20][trace  ]<>: Marching cubes surface extraction took 5ms (Region size = 33x33x33)
[17:22:20][trace  ]<>: Marching cubes surface extraction took 5ms (Region size = 33x33x33)
[17:22:20][trace  ]<>: Marching cubes surface extraction took 5ms (Region size = 33x33x33)
[17:22:20][trace  ]<>: Marching cubes surface extraction took 3ms (Region size = 33x33x33)
[17:22:20][trace  ]<>: Marching cubes surface extraction took 3ms (Region size = 33x33x33)
[17:22:20][trace  ]<>: Marching cubes surface extraction took 2ms (Region size = 33x33x33)
[17:22:20][trace  ]<>: Marching cubes surface extraction took 5ms (Region size = 33x33x33)
[17:22:21][trace  ]<>: Marching cubes surface extraction took 5ms (Region size = 33x33x33)
[17:22:21][trace  ]<>: Marching cubes surface extraction took 5ms (Region size = 33x33x33)
[17:22:21][trace  ]<>: Marching cubes surface extraction took 5ms (Region size = 33x33x33)
[17:22:21][trace  ]<>: Marching cubes surface extraction took 2ms (Region size = 33x33x33)
[17:22:21][trace  ]<>: Marching cubes surface extraction took 3ms (Region size = 33x33x33)
[17:22:21][trace  ]<>: Paged block in in 0ms
[17:22:21][trace  ]<>: Marching cubes surface extraction took 5ms (Region size = 33x33x33)
[17:22:21][trace  ]<>: Marching cubes surface extraction took 3ms (Region size = 33x33x33)
[17:22:21][trace  ]<>: Paged block in in 0ms
[17:22:21][trace  ]<>: Marching cubes surface extraction took 6ms (Region size = 33x33x33)
[17:22:21][trace  ]<>: Paged block in in 0ms
[17:22:21][trace  ]<>: Marching cubes surface extraction took 7ms (Region size = 33x33x33)
[17:22:21][trace  ]<>: Marching cubes surface extraction took 5ms (Region size = 33x33x33)
[17:22:21][trace  ]<>: Marching cubes surface extraction took 5ms (Region size = 33x33x33)
[17:22:21][trace  ]<>: Marching cubes surface extraction took 2ms (Region size = 33x33x33)
[17:22:21][trace  ]<>: Marching cubes surface extraction took 2ms (Region size = 33x33x33)
[17:22:21][trace  ]<>: Marching cubes surface extraction took 2ms (Region size = 33x33x33)
[17:22:21][trace  ]<>: Paged block in in 0ms
[17:22:21][trace  ]<>: Marching cubes surface extraction took 7ms (Region size = 33x33x33)
[17:22:21][trace  ]<>: Marching cubes surface extraction took 5ms (Region size = 33x33x33)
[17:22:21][trace  ]<>: Marching cubes surface extraction took 5ms (Region size = 33x33x33)
[17:22:21][trace  ]<>: Marching cubes surface extraction took 6ms (Region size = 33x33x33)
[17:22:21][trace  ]<>: Marching cubes surface extraction took 2ms (Region size = 33x33x33)
[17:22:21][trace  ]<>: Marching cubes surface extraction took 2ms (Region size = 33x33x33)
[17:22:21][trace  ]<>: Marching cubes surface extraction took 2ms (Region size = 33x33x33)
[17:22:21][trace  ]<>: Marching cubes surface extraction took 2ms (Region size = 33x33x33)
[17:22:21][trace  ]<>: Marching cubes surface extraction took 2ms (Region size = 33x33x33)
[17:22:21][trace  ]<>: Marching cubes surface extraction took 4ms (Region size = 33x33x33)
[17:22:21][trace  ]<>: Marching cubes surface extraction took 3ms (Region size = 33x33x33)
[17:22:21][trace  ]<>: Marching cubes surface extraction took 5ms (Region size = 33x33x33)
[17:22:21][trace  ]<>: Marching cubes surface extraction took 5ms (Region size = 33x33x33)
[17:22:21][trace  ]<>: Marching cubes surface extraction took 5ms (Region size = 33x33x33)
[17:22:21][trace  ]<>: Marching cubes surface extraction took 5ms (Region size = 33x33x33)
[17:22:21][trace  ]<>: Marching cubes surface extraction took 2ms (Region size = 33x33x33)
[17:22:21][trace  ]<>: Marching cubes surface extraction took 2ms (Region size = 33x33x33)
[17:22:21][trace  ]<>: Marching cubes surface extraction took 2ms (Region size = 33x33x33)
[17:22:21][trace  ]<>: Marching cubes surface extraction took 6ms (Region size = 33x33x33)
[17:22:21][trace  ]<>: Marching cubes surface extraction took 5ms (Region size = 33x33x33)
[17:22:21][trace  ]<>: Marching cubes surface extraction took 5ms (Region size = 33x33x33)
[17:22:21][trace  ]<>: Marching cubes surface extraction took 6ms (Region size = 33x33x33)
[17:22:21][trace  ]<>: Marching cubes surface extraction took 2ms (Region size = 33x33x33)
[17:22:21][trace  ]<>: Marching cubes surface extraction took 2ms (Region size = 33x33x33)
[17:22:21][trace  ]<>: Marching cubes surface extraction took 2ms (Region size = 33x33x33)
[17:22:21][trace  ]<>: Marching cubes surface extraction took 2ms (Region size = 33x33x33)
[17:22:21][trace  ]<>: Marching cubes surface extraction took 2ms (Region size = 33x33x33)
[17:25:17][info   ]<>: Creating VoxelDatabase from 'C:/Users/gabe2_000/Dropbox/unity/exploratorum/Assets/StreamingAssets\781997EF.vdb'
[17:25:17][info   ]<>: Successfully opened'C:/Users/gabe2_000/Dropbox/unity/exploratorum/Assets/StreamingAssets\781997EF.vdb'
[17:25:17][debug  ]<>: The maximum number of uncompresed blocks has been set to 64, which is 16777216 bytes
[17:25:17][trace  ]<>: Creatd new smooth volume in slot 0
[17:25:17][trace  ]<>: Paged block in in 0ms
[17:25:17][trace  ]<>: Marching cubes surface extraction took 3ms (Region size = 33x33x33)
[17:25:18][trace  ]<>: Paged block in in 0ms
[17:25:18][trace  ]<>: Marching cubes surface extraction took 4ms (Region size = 33x33x33)
[17:25:18][trace  ]<>: Paged block in in 0ms
[17:25:18][trace  ]<>: Marching cubes surface extraction took 3ms (Region size = 33x33x33)
[17:25:18][trace  ]<>: Paged block in in 0ms
[17:25:18][trace  ]<>: Marching cubes surface extraction took 5ms (Region size = 33x33x33)
[17:25:18][trace  ]<>: Paged block in in 0ms
[17:25:18][trace  ]<>: Marching cubes surface extraction took 4ms (Region size = 33x33x33)
[17:25:18][trace  ]<>: Paged block in in 0ms
[17:25:18][trace  ]<>: Marching cubes surface extraction took 6ms (Region size = 33x33x33)
[17:25:18][trace  ]<>: Paged block in in 0ms
[17:25:18][trace  ]<>: Marching cubes surface extraction took 6ms (Region size = 33x33x33)
[17:25:18][trace  ]<>: Paged block in in 0ms
[17:25:18][trace  ]<>: Marching cubes surface extraction took 6ms (Region size = 33x33x33)
[17:25:18][trace  ]<>: Paged block in in 0ms
[17:25:18][trace  ]<>: Marching cubes surface extraction took 7ms (Region size = 33x33x33)
[17:25:18][trace  ]<>: Paged block in in 0ms
[17:25:18][trace  ]<>: Marching cubes surface extraction took 3ms (Region size = 33x33x33)
[17:25:18][trace  ]<>: Marching cubes surface extraction took 2ms (Region size = 33x33x33)
[17:25:18][trace  ]<>: Marching cubes surface extraction took 2ms (Region size = 33x33x33)
[17:25:18][trace  ]<>: Paged block in in 0ms
[17:25:18][trace  ]<>: Marching cubes surface extraction took 7ms (Region size = 33x33x33)
[17:25:18][trace  ]<>: Marching cubes surface extraction took 5ms (Region size = 33x33x33)
[17:25:18][trace  ]<>: Paged block in in 0ms
[17:25:18][trace  ]<>: Marching cubes surface extraction took 7ms (Region size = 33x33x33)
[17:25:18][trace  ]<>: Marching cubes surface extraction took 6ms (Region size = 33x33x33)
[17:25:18][trace  ]<>: Marching cubes surface extraction took 2ms (Region size = 33x33x33)
[17:25:18][trace  ]<>: Marching cubes surface extraction took 2ms (Region size = 33x33x33)
[17:25:18][trace  ]<>: Marching cubes surface extraction took 2ms (Region size = 33x33x33)
[17:25:18][trace  ]<>: Marching cubes surface extraction took 2ms (Region size = 33x33x33)
[17:25:18][trace  ]<>: Marching cubes surface extraction took 2ms (Region size = 33x33x33)
[17:25:18][trace  ]<>: Marching cubes surface extraction took 3ms (Region size = 33x33x33)
[17:25:18][trace  ]<>: Marching cubes surface extraction took 3ms (Region size = 33x33x33)
[17:25:18][trace  ]<>: Marching cubes surface extraction took 5ms (Region size = 33x33x33)
[17:25:18][trace  ]<>: Marching cubes surface extraction took 5ms (Region size = 33x33x33)
[17:25:18][trace  ]<>: Marching cubes surface extraction took 5ms (Region size = 33x33x33)
[17:25:18][trace  ]<>: Marching cubes surface extraction took 5ms (Region size = 33x33x33)
[17:25:18][trace  ]<>: Marching cubes surface extraction took 2ms (Region size = 33x33x33)
[17:25:18][trace  ]<>: Marching cubes surface extraction took 3ms (Region size = 33x33x33)
[17:25:18][trace  ]<>: Marching cubes surface extraction took 2ms (Region size = 33x33x33)
[17:25:18][trace  ]<>: Marching cubes surface extraction took 7ms (Region size = 33x33x33)
[17:25:18][trace  ]<>: Marching cubes surface extraction took 5ms (Region size = 33x33x33)
[17:25:18][trace  ]<>: Marching cubes surface extraction took 5ms (Region size = 33x33x33)
[17:25:18][trace  ]<>: Marching cubes surface extraction took 5ms (Region size = 33x33x33)
[17:25:18][trace  ]<>: Marching cubes surface extraction took 2ms (Region size = 33x33x33)
[17:25:18][trace  ]<>: Marching cubes surface extraction took 2ms (Region size = 33x33x33)
[17:25:18][trace  ]<>: Paged block in in 0ms
[17:25:18][trace  ]<>: Marching cubes surface extraction took 4ms (Region size = 33x33x33)
[17:25:18][trace  ]<>: Marching cubes surface extraction took 3ms (Region size = 33x33x33)
[17:25:18][trace  ]<>: Paged block in in 0ms
[17:25:18][trace  ]<>: Marching cubes surface extraction took 6ms (Region size = 33x33x33)
[17:25:18][trace  ]<>: Paged block in in 0ms
[17:25:18][trace  ]<>: Marching cubes surface extraction took 7ms (Region size = 33x33x33)
[17:25:18][trace  ]<>: Marching cubes surface extraction took 8ms (Region size = 33x33x33)
[17:25:18][trace  ]<>: Marching cubes surface extraction took 9ms (Region size = 33x33x33)
[17:25:18][trace  ]<>: Marching cubes surface extraction took 2ms (Region size = 33x33x33)
[17:25:18][trace  ]<>: Marching cubes surface extraction took 2ms (Region size = 33x33x33)
[17:25:18][trace  ]<>: Marching cubes surface extraction took 2ms (Region size = 33x33x33)
[17:25:18][trace  ]<>: Paged block in in 0ms
[17:25:18][trace  ]<>: Marching cubes surface extraction took 6ms (Region size = 33x33x33)
[17:25:18][trace  ]<>: Marching cubes surface extraction took 5ms (Region size = 33x33x33)
[17:25:18][trace  ]<>: Marching cubes surface extraction took 5ms (Region size = 33x33x33)
[17:25:18][trace  ]<>: Marching cubes surface extraction took 5ms (Region size = 33x33x33)
[17:25:18][trace  ]<>: Marching cubes surface extraction took 2ms (Region size = 33x33x33)
[17:25:18][trace  ]<>: Marching cubes surface extraction took 2ms (Region size = 33x33x33)
[17:25:18][trace  ]<>: Marching cubes surface extraction took 2ms (Region size = 33x33x33)
[17:25:18][trace  ]<>: Marching cubes surface extraction took 2ms (Region size = 33x33x33)
[17:25:18][trace  ]<>: Marching cubes surface extraction took 3ms (Region size = 33x33x33)
[17:25:18][trace  ]<>: Marching cubes surface extraction took 5ms (Region size = 33x33x33)
[17:25:18][trace  ]<>: Marching cubes surface extraction took 4ms (Region size = 33x33x33)
[17:25:18][trace  ]<>: Marching cubes surface extraction took 5ms (Region size = 33x33x33)
[17:25:18][trace  ]<>: Marching cubes surface extraction took 6ms (Region size = 33x33x33)
[17:25:18][trace  ]<>: Marching cubes surface extraction took 5ms (Region size = 33x33x33)
[17:25:18][trace  ]<>: Marching cubes surface extraction took 5ms (Region size = 33x33x33)
[17:25:18][trace  ]<>: Marching cubes surface extraction took 2ms (Region size = 33x33x33)
[17:25:18][trace  ]<>: Marching cubes surface extraction took 2ms (Region size = 33x33x33)
[17:25:18][trace  ]<>: Marching cubes surface extraction took 2ms (Region size = 33x33x33)
[17:25:18][trace  ]<>: Marching cubes surface extraction took 5ms (Region size = 33x33x33)
[17:25:18][trace  ]<>: Marching cubes surface extraction took 5ms (Region size = 33x33x33)
[17:25:18][trace  ]<>: Marching cubes surface extraction took 5ms (Region size = 33x33x33)
[17:25:18][trace  ]<>: Marching cubes surface extraction took 5ms (Region size = 33x33x33)
[17:25:18][trace  ]<>: Marching cubes surface extraction took 2ms (Region size = 33x33x33)
[17:25:18][trace  ]<>: Marching cubes surface extraction took 2ms (Region size = 33x33x33)
[17:25:18][trace  ]<>: Marching cubes surface extraction took 2ms (Region size = 33x33x33)
[17:25:18][trace  ]<>: Marching cubes surface extraction took 2ms (Region size = 33x33x33)
[17:25:18][trace  ]<>: Marching cubes surface extraction took 2ms (Region size = 33x33x33)
[17:25:26][error  ]<>: Volume handle'0' is outside volume array bounds
[17:25:26][trace  ]<>: Marching cubes surface extraction took 6ms (Region size = 33x33x33)
[17:25:26][trace  ]<>: Marching cubes surface extraction took 5ms (Region size = 33x33x33)
[17:25:26][trace  ]<>: Marching cubes surface extraction took 6ms (Region size = 33x33x33)
[17:25:26][trace  ]<>: Marching cubes surface extraction took 6ms (Region size = 33x33x33)
[17:25:26][trace  ]<>: Marching cubes surface extraction took 5ms (Region size = 33x33x33)
[17:25:26][trace  ]<>: Marching cubes surface extraction took 5ms (Region size = 33x33x33)
[17:25:26][trace  ]<>: Marching cubes surface extraction took 6ms (Region size = 33x33x33)
[17:25:26][trace  ]<>: Marching cubes surface extraction took 5ms (Region size = 33x33x33)
[17:25:26][trace  ]<>: Marching cubes surface extraction took 5ms (Region size = 33x33x33)
[17:25:26][trace  ]<>: Marching cubes surface extraction took 5ms (Region size = 33x33x33)
[17:25:26][trace  ]<>: Marching cubes surface extraction took 6ms (Region size = 33x33x33)
[17:25:26][trace  ]<>: Marching cubes surface extraction took 5ms (Region size = 33x33x33)
[17:25:27][trace  ]<>: Marching cubes surface extraction took 6ms (Region size = 33x33x33)
[17:25:27][trace  ]<>: Marching cubes surface extraction took 5ms (Region size = 33x33x33)
[17:25:27][trace  ]<>: Marching cubes surface extraction took 5ms (Region size = 33x33x33)
[17:25:27][trace  ]<>: Marching cubes surface extraction took 5ms (Region size = 33x33x33)
[17:25:28][trace  ]<>: Marching cubes surface extraction took 8ms (Region size = 33x33x33)
[17:25:28][trace  ]<>: Marching cubes surface extraction took 8ms (Region size = 33x33x33)
[17:25:28][trace  ]<>: Marching cubes surface extraction took 5ms (Region size = 33x33x33)
[17:25:28][trace  ]<>: Marching cubes surface extraction took 6ms (Region size = 33x33x33)
[17:25:28][trace  ]<>: Marching cubes surface extraction took 5ms (Region size = 33x33x33)
[17:25:28][trace  ]<>: Marching cubes surface extraction took 5ms (Region size = 33x33x33)
[17:25:28][trace  ]<>: Marching cubes surface extraction took 5ms (Region size = 33x33x33)
[17:25:28][trace  ]<>: Marching cubes surface extraction took 5ms (Region size = 33x33x33)
[17:25:28][trace  ]<>: Marching cubes surface extraction took 7ms (Region size = 33x33x33)
[17:25:28][trace  ]<>: Marching cubes surface extraction took 6ms (Region size = 33x33x33)
[17:25:29][trace  ]<>: Marching cubes surface extraction took 5ms (Region size = 33x33x33)
[17:25:29][trace  ]<>: Marching cubes surface extraction took 5ms (Region size = 33x33x33)
[17:25:29][trace  ]<>: Marching cubes surface extraction took 5ms (Region size = 33x33x33)
[17:25:29][trace  ]<>: Marching cubes surface extraction took 5ms (Region size = 33x33x33)
[17:25:29][trace  ]<>: Marching cubes surface extraction took 8ms (Region size = 33x33x33)
[17:25:29][trace  ]<>: Marching cubes surface extraction took 9ms (Region size = 33x33x33)
[17:25:29][trace  ]<>: Marching cubes surface extraction took 5ms (Region size = 33x33x33)
[17:25:29][trace  ]<>: Marching cubes surface extraction took 5ms (Region size = 33x33x33)
[17:25:30][trace  ]<>: Marching cubes surface extraction took 8ms (Region size = 33x33x33)
[17:25:30][trace  ]<>: Marching cubes surface extraction took 7ms (Region size = 33x33x33)
[17:25:30][trace  ]<>: Marching cubes surface extraction took 5ms (Region size = 33x33x33)
[17:25:30][trace  ]<>: Marching cubes surface extraction took 5ms (Region size = 33x33x33)
[17:25:30][trace  ]<>: Marching cubes surface extraction took 6ms (Region size = 33x33x33)
[17:25:30][trace  ]<>: Marching cubes surface extraction took 5ms (Region size = 33x33x33)
[17:25:30][trace  ]<>: Marching cubes surface extraction took 6ms (Region size = 33x33x33)
[17:25:30][trace  ]<>: Marching cubes surface extraction took 5ms (Region size = 33x33x33)
[17:25:31][trace  ]<>: Marching cubes surface extraction took 5ms (Region size = 33x33x33)
[17:25:31][trace  ]<>: Marching cubes surface extraction took 5ms (Region size = 33x33x33)
[17:25:31][trace  ]<>: Marching cubes surface extraction took 6ms (Region size = 33x33x33)
[17:25:31][trace  ]<>: Marching cubes surface extraction took 5ms (Region size = 33x33x33)
[17:25:31][trace  ]<>: Marching cubes surface extraction took 6ms (Region size = 33x33x33)
[17:25:31][trace  ]<>: Marching cubes surface extraction took 5ms (Region size = 33x33x33)
[17:25:31][trace  ]<>: Marching cubes surface extraction took 5ms (Region size = 33x33x33)
[17:25:31][trace  ]<>: Marching cubes surface extraction took 5ms (Region size = 33x33x33)
[17:25:32][trace  ]<>: Marching cubes surface extraction took 7ms (Region size = 33x33x33)
[17:25:32][trace  ]<>: Marching cubes surface extraction took 5ms (Region size = 33x33x33)
[17:25:32][trace  ]<>: Marching cubes surface extraction took 6ms (Region size = 33x33x33)
[17:25:32][trace  ]<>: Marching cubes surface extraction took 5ms (Region size = 33x33x33)
[17:25:32][trace  ]<>: Marching cubes surface extraction took 6ms (Region size = 33x33x33)
[17:25:32][trace  ]<>: Marching cubes surface extraction took 5ms (Region size = 33x33x33)
[17:25:33][trace  ]<>: Marching cubes surface extraction took 6ms (Region size = 33x33x33)
[17:25:33][trace  ]<>: Marching cubes surface extraction took 6ms (Region size = 33x33x33)
[17:25:35][trace  ]<>: Marching cubes surface extraction took 7ms (Region size = 33x33x33)
[17:25:35][trace  ]<>: Marching cubes surface extraction took 6ms (Region size = 33x33x33)
[17:25:36][trace  ]<>: Marching cubes surface extraction took 7ms (Region size = 33x33x33)
[17:25:36][trace  ]<>: Marching cubes surface extraction took 8ms (Region size = 33x33x33)
[17:25:36][trace  ]<>: Marching cubes surface extraction took 11ms (Region size = 33x33x33)
[17:25:36][trace  ]<>: Marching cubes surface extraction took 8ms (Region size = 33x33x33)
[17:25:36][trace  ]<>: Marching cubes surface extraction took 7ms (Region size = 33x33x33)
[17:25:36][trace  ]<>: Marching cubes surface extraction took 5ms (Region size = 33x33x33)
[17:25:36][trace  ]<>: Marching cubes surface extraction took 2ms (Region size = 33x33x33)
[17:25:54][trace  ]<>: Marching cubes surface extraction took 6ms (Region size = 33x33x33)
[17:25:54][trace  ]<>: Marching cubes surface extraction took 6ms (Region size = 33x33x33)
[17:25:54][trace  ]<>: Marching cubes surface extraction took 5ms (Region size = 33x33x33)
[17:25:54][trace  ]<>: Marching cubes surface extraction took 6ms (Region size = 33x33x33)
[17:25:55][trace  ]<>: Marching cubes surface extraction took 6ms (Region size = 33x33x33)
[17:25:55][trace  ]<>: Marching cubes surface extraction took 6ms (Region size = 33x33x33)
[17:25:55][trace  ]<>: Marching cubes surface extraction took 6ms (Region size = 33x33x33)
[17:25:55][trace  ]<>: Marching cubes surface extraction took 5ms (Region size = 33x33x33)
[17:25:56][trace  ]<>: Marching cubes surface extraction took 8ms (Region size = 33x33x33)
[17:25:56][trace  ]<>: Marching cubes surface extraction took 7ms (Region size = 33x33x33)
[17:25:56][trace  ]<>: Marching cubes surface extraction took 5ms (Region size = 33x33x33)
[17:26:00][trace  ]<>: Marching cubes surface extraction took 6ms (Region size = 33x33x33)
[17:26:03][trace  ]<>: Marching cubes surface extraction took 7ms (Region size = 33x33x33)
[17:26:03][trace  ]<>: Marching cubes surface extraction took 7ms (Region size = 33x33x33)
[17:26:06][trace  ]<>: Marching cubes surface extraction took 8ms (Region size = 33x33x33)
